{"t":{"$date":"2021-12-11T05:08:13.198+07:00"},"s":"I",  "c":"NETWORK",  "id":4915701, "ctx":"main","msg":"Initialized wire specification","attr":{"spec":{"incomingExternalClient":{"minWireVersion":0,"maxWireVersion":13},"incomingInternalClient":{"minWireVersion":0,"maxWireVersion":13},"outgoing":{"minWireVersion":0,"maxWireVersion":13},"isInternalClient":true}}}
{"t":{"$date":"2021-12-11T05:08:13.200+07:00"},"s":"I",  "c":"CONTROL",  "id":23285,   "ctx":"main","msg":"Automatically disabling TLS 1.0, to force-enable TLS 1.0 specify --sslDisabledProtocols 'none'"}
{"t":{"$date":"2021-12-11T05:08:13.716+07:00"},"s":"W",  "c":"ASIO",     "id":22601,   "ctx":"main","msg":"No TransportLayer configured during NetworkInterface startup"}
{"t":{"$date":"2021-12-11T05:08:13.716+07:00"},"s":"I",  "c":"NETWORK",  "id":4648602, "ctx":"main","msg":"Implicit TCP FastOpen in use."}
{"t":{"$date":"2021-12-11T05:08:13.718+07:00"},"s":"W",  "c":"ASIO",     "id":22601,   "ctx":"main","msg":"No TransportLayer configured during NetworkInterface startup"}
{"t":{"$date":"2021-12-11T05:08:13.718+07:00"},"s":"W",  "c":"ASIO",     "id":22601,   "ctx":"main","msg":"No TransportLayer configured during NetworkInterface startup"}
{"t":{"$date":"2021-12-11T05:08:13.718+07:00"},"s":"I",  "c":"REPL",     "id":5123008, "ctx":"main","msg":"Successfully registered PrimaryOnlyService","attr":{"service":"TenantMigrationDonorService","ns":"config.tenantMigrationDonors"}}
{"t":{"$date":"2021-12-11T05:08:13.718+07:00"},"s":"I",  "c":"REPL",     "id":5123008, "ctx":"main","msg":"Successfully registered PrimaryOnlyService","attr":{"service":"TenantMigrationRecipientService","ns":"config.tenantMigrationRecipients"}}
{"t":{"$date":"2021-12-11T05:08:13.718+07:00"},"s":"I",  "c":"CONTROL",  "id":5945603, "ctx":"main","msg":"Multi threading initialized"}
{"t":{"$date":"2021-12-11T05:08:13.719+07:00"},"s":"I",  "c":"CONTROL",  "id":4615611, "ctx":"initandlisten","msg":"MongoDB starting","attr":{"pid":19452,"port":27020,"dbPath":"C:/data1/db","architecture":"64-bit","host":"Ramanoss"}}
{"t":{"$date":"2021-12-11T05:08:13.720+07:00"},"s":"I",  "c":"CONTROL",  "id":23398,   "ctx":"initandlisten","msg":"Target operating system minimum version","attr":{"targetMinOS":"Windows 7/Windows Server 2008 R2"}}
{"t":{"$date":"2021-12-11T05:08:13.720+07:00"},"s":"I",  "c":"CONTROL",  "id":23403,   "ctx":"initandlisten","msg":"Build Info","attr":{"buildInfo":{"version":"5.0.5","gitVersion":"d65fd89df3fc039b5c55933c0f71d647a54510ae","modules":[],"allocator":"tcmalloc","environment":{"distmod":"windows","distarch":"x86_64","target_arch":"x86_64"}}}}
{"t":{"$date":"2021-12-11T05:08:13.720+07:00"},"s":"I",  "c":"CONTROL",  "id":51765,   "ctx":"initandlisten","msg":"Operating System","attr":{"os":{"name":"Microsoft Windows 10","version":"10.0 (build 22000)"}}}
{"t":{"$date":"2021-12-11T05:08:13.720+07:00"},"s":"I",  "c":"CONTROL",  "id":21951,   "ctx":"initandlisten","msg":"Options set by command line","attr":{"options":{"net":{"port":27020},"replication":{"replSet":"prodrep"},"storage":{"dbPath":"C:\\data1\\db","engine":"wiredTiger","journal":{"enabled":true}},"systemLog":{"destination":"file","path":"C:\\data1\\log\\mongod.log"}}}}
{"t":{"$date":"2021-12-11T05:08:13.721+07:00"},"s":"I",  "c":"STORAGE",  "id":22315,   "ctx":"initandlisten","msg":"Opening WiredTiger","attr":{"config":"create,cache_size=15787M,session_max=33000,eviction=(threads_min=4,threads_max=4),config_base=false,statistics=(fast),log=(enabled=true,archive=true,path=journal,compressor=snappy),builtin_extension_config=(zstd=(compression_level=6)),file_manager=(close_idle_time=600,close_scan_interval=10,close_handle_minimum=250),statistics_log=(wait=0),verbose=[recovery_progress,checkpoint_progress,compact_progress],"}}
{"t":{"$date":"2021-12-11T05:08:13.738+07:00"},"s":"I",  "c":"STORAGE",  "id":22430,   "ctx":"initandlisten","msg":"WiredTiger message","attr":{"message":"[1639174093:737393][19452:140719949635952], txn-recover: [WT_VERB_RECOVERY_PROGRESS] Recovering log 3 through 4"}}
{"t":{"$date":"2021-12-11T05:08:13.798+07:00"},"s":"I",  "c":"STORAGE",  "id":22430,   "ctx":"initandlisten","msg":"WiredTiger message","attr":{"message":"[1639174093:798231][19452:140719949635952], txn-recover: [WT_VERB_RECOVERY_PROGRESS] Recovering log 4 through 4"}}
{"t":{"$date":"2021-12-11T05:08:13.855+07:00"},"s":"I",  "c":"STORAGE",  "id":22430,   "ctx":"initandlisten","msg":"WiredTiger message","attr":{"message":"[1639174093:855083][19452:140719949635952], txn-recover: [WT_VERB_RECOVERY_ALL] Main recovery loop: starting at 3/15872 to 4/256"}}
{"t":{"$date":"2021-12-11T05:08:13.856+07:00"},"s":"I",  "c":"STORAGE",  "id":22430,   "ctx":"initandlisten","msg":"WiredTiger message","attr":{"message":"[1639174093:856076][19452:140719949635952], txn-recover: [WT_VERB_RECOVERY_PROGRESS] Recovering log 3 through 4"}}
{"t":{"$date":"2021-12-11T05:08:13.925+07:00"},"s":"I",  "c":"STORAGE",  "id":22430,   "ctx":"initandlisten","msg":"WiredTiger message","attr":{"message":"[1639174093:924892][19452:140719949635952], txn-recover: [WT_VERB_RECOVERY_PROGRESS] Recovering log 4 through 4"}}
{"t":{"$date":"2021-12-11T05:08:13.978+07:00"},"s":"I",  "c":"STORAGE",  "id":22430,   "ctx":"initandlisten","msg":"WiredTiger message","attr":{"message":"[1639174093:978749][19452:140719949635952], txn-recover: [WT_VERB_RECOVERY_ALL] Set global recovery timestamp: (1639121853, 1)"}}
{"t":{"$date":"2021-12-11T05:08:13.978+07:00"},"s":"I",  "c":"STORAGE",  "id":22430,   "ctx":"initandlisten","msg":"WiredTiger message","attr":{"message":"[1639174093:978749][19452:140719949635952], txn-recover: [WT_VERB_RECOVERY_ALL] Set global oldest timestamp: (1639121553, 1)"}}
{"t":{"$date":"2021-12-11T05:08:13.980+07:00"},"s":"I",  "c":"STORAGE",  "id":22430,   "ctx":"initandlisten","msg":"WiredTiger message","attr":{"message":"[1639174093:980743][19452:140719949635952], WT_SESSION.checkpoint: [WT_VERB_CHECKPOINT_PROGRESS] saving checkpoint snapshot min: 5, snapshot max: 5 snapshot count: 0, oldest timestamp: (1639121553, 1) , meta checkpoint timestamp: (1639121853, 1) base write gen: 290"}}
{"t":{"$date":"2021-12-11T05:08:13.984+07:00"},"s":"I",  "c":"STORAGE",  "id":4795906, "ctx":"initandlisten","msg":"WiredTiger opened","attr":{"durationMillis":263}}
{"t":{"$date":"2021-12-11T05:08:13.984+07:00"},"s":"I",  "c":"RECOVERY", "id":23987,   "ctx":"initandlisten","msg":"WiredTiger recoveryTimestamp","attr":{"recoveryTimestamp":{"$timestamp":{"t":1639121853,"i":1}}}}
{"t":{"$date":"2021-12-11T05:08:13.984+07:00"},"s":"I",  "c":"RECOVERY", "id":5380106, "ctx":"initandlisten","msg":"WiredTiger oldestTimestamp","attr":{"oldestTimestamp":{"$timestamp":{"t":1639121553,"i":1}}}}
{"t":{"$date":"2021-12-11T05:08:13.986+07:00"},"s":"I",  "c":"STORAGE",  "id":4366408, "ctx":"initandlisten","msg":"No table logging settings modifications are required for existing WiredTiger tables","attr":{"loggingEnabled":false}}
{"t":{"$date":"2021-12-11T05:08:13.987+07:00"},"s":"I",  "c":"STORAGE",  "id":22383,   "ctx":"initandlisten","msg":"The size storer reports that the oplog contains","attr":{"numRecords":203,"dataSize":23476}}
{"t":{"$date":"2021-12-11T05:08:13.987+07:00"},"s":"I",  "c":"STORAGE",  "id":22384,   "ctx":"initandlisten","msg":"Scanning the oplog to determine where to place markers for truncation"}
{"t":{"$date":"2021-12-11T05:08:13.988+07:00"},"s":"I",  "c":"STORAGE",  "id":22382,   "ctx":"initandlisten","msg":"WiredTiger record store oplog processing finished","attr":{"durationMillis":1}}
{"t":{"$date":"2021-12-11T05:08:13.989+07:00"},"s":"I",  "c":"STORAGE",  "id":22262,   "ctx":"initandlisten","msg":"Timestamp monitor starting"}
{"t":{"$date":"2021-12-11T05:08:13.990+07:00"},"s":"W",  "c":"CONTROL",  "id":22120,   "ctx":"initandlisten","msg":"Access control is not enabled for the database. Read and write access to data and configuration is unrestricted","tags":["startupWarnings"]}
{"t":{"$date":"2021-12-11T05:08:13.990+07:00"},"s":"W",  "c":"CONTROL",  "id":22140,   "ctx":"initandlisten","msg":"This server is bound to localhost. Remote systems will be unable to connect to this server. Start the server with --bind_ip <address> to specify which IP addresses it should serve responses from, or with --bind_ip_all to bind to all interfaces. If this behavior is desired, start the server with --bind_ip 127.0.0.1 to disable this warning","tags":["startupWarnings"]}
{"t":{"$date":"2021-12-11T05:08:13.992+07:00"},"s":"I",  "c":"NETWORK",  "id":4915702, "ctx":"initandlisten","msg":"Updated wire specification","attr":{"oldSpec":{"incomingExternalClient":{"minWireVersion":0,"maxWireVersion":13},"incomingInternalClient":{"minWireVersion":0,"maxWireVersion":13},"outgoing":{"minWireVersion":0,"maxWireVersion":13},"isInternalClient":true},"newSpec":{"incomingExternalClient":{"minWireVersion":0,"maxWireVersion":13},"incomingInternalClient":{"minWireVersion":13,"maxWireVersion":13},"outgoing":{"minWireVersion":13,"maxWireVersion":13},"isInternalClient":true}}}
{"t":{"$date":"2021-12-11T05:08:13.993+07:00"},"s":"I",  "c":"STORAGE",  "id":5071100, "ctx":"initandlisten","msg":"Clearing temp directory"}
{"t":{"$date":"2021-12-11T05:08:13.996+07:00"},"s":"I",  "c":"CONTROL",  "id":20536,   "ctx":"initandlisten","msg":"Flow Control is enabled on this deployment"}
{"t":{"$date":"2021-12-11T05:08:13.996+07:00"},"s":"I",  "c":"STORAGE",  "id":5380103, "ctx":"initandlisten","msg":"Unpin oldest timestamp request","attr":{"service":"_wt_startup","requestedTs":{"$timestamp":{"t":1639121553,"i":1}}}}
{"t":{"$date":"2021-12-11T05:08:13.997+07:00"},"s":"I",  "c":"SHARDING", "id":20997,   "ctx":"initandlisten","msg":"Refreshed RWC defaults","attr":{"newDefaults":{}}}
{"t":{"$date":"2021-12-11T05:08:14.239+07:00"},"s":"I",  "c":"FTDC",     "id":20625,   "ctx":"initandlisten","msg":"Initializing full-time diagnostic data capture","attr":{"dataDirectory":"C:/data1/db/diagnostic.data"}}
{"t":{"$date":"2021-12-11T05:08:14.242+07:00"},"s":"I",  "c":"REPL",     "id":6015317, "ctx":"initandlisten","msg":"Setting new configuration state","attr":{"newState":"ConfigStartingUp","oldState":"ConfigPreStart"}}
{"t":{"$date":"2021-12-11T05:08:14.243+07:00"},"s":"I",  "c":"REPL",     "id":4280500, "ctx":"initandlisten","msg":"Attempting to create internal replication collections"}
{"t":{"$date":"2021-12-11T05:08:14.244+07:00"},"s":"I",  "c":"-",        "id":4939300, "ctx":"monitoring-keys-for-HMAC","msg":"Failed to refresh key cache","attr":{"error":"ReadConcernMajorityNotAvailableYet: Read concern majority reads are currently not possible.","nextWakeupMillis":200}}
{"t":{"$date":"2021-12-11T05:08:14.245+07:00"},"s":"I",  "c":"REPL",     "id":4280501, "ctx":"initandlisten","msg":"Attempting to load local voted for document"}
{"t":{"$date":"2021-12-11T05:08:14.246+07:00"},"s":"I",  "c":"REPL",     "id":4280502, "ctx":"initandlisten","msg":"Searching for local Rollback ID document"}
{"t":{"$date":"2021-12-11T05:08:14.247+07:00"},"s":"I",  "c":"REPL",     "id":21529,   "ctx":"initandlisten","msg":"Initializing rollback ID","attr":{"rbid":1}}
{"t":{"$date":"2021-12-11T05:08:14.247+07:00"},"s":"I",  "c":"REPL",     "id":4280504, "ctx":"initandlisten","msg":"Cleaning up any partially applied oplog batches & reading last op from oplog"}
{"t":{"$date":"2021-12-11T05:08:14.248+07:00"},"s":"I",  "c":"REPL",     "id":21544,   "ctx":"initandlisten","msg":"Recovering from stable timestamp","attr":{"stableTimestamp":{"$timestamp":{"t":1639121853,"i":1}},"topOfOplog":{"ts":{"$timestamp":{"t":1639121853,"i":1}},"t":2},"appliedThrough":{"ts":{"$timestamp":{"t":0,"i":0}},"t":-1}}}
{"t":{"$date":"2021-12-11T05:08:14.248+07:00"},"s":"I",  "c":"REPL",     "id":21545,   "ctx":"initandlisten","msg":"Starting recovery oplog application at the stable timestamp","attr":{"stableTimestamp":{"$timestamp":{"t":1639121853,"i":1}}}}
{"t":{"$date":"2021-12-11T05:08:14.248+07:00"},"s":"I",  "c":"REPL",     "id":5466604, "ctx":"initandlisten","msg":"Start point for recovery oplog application exists in oplog. No adjustment necessary","attr":{"startPoint":{"$timestamp":{"t":1639121853,"i":1}}}}
{"t":{"$date":"2021-12-11T05:08:14.248+07:00"},"s":"I",  "c":"REPL",     "id":21549,   "ctx":"initandlisten","msg":"No oplog entries to apply for recovery. Start point is at the top of the oplog"}
{"t":{"$date":"2021-12-11T05:08:14.248+07:00"},"s":"I",  "c":"REPL",     "id":4280505, "ctx":"initandlisten","msg":"Creating any necessary TenantMigrationAccessBlockers for unfinished migrations"}
{"t":{"$date":"2021-12-11T05:08:14.250+07:00"},"s":"I",  "c":"REPL",     "id":4280506, "ctx":"initandlisten","msg":"Reconstructing prepared transactions"}
{"t":{"$date":"2021-12-11T05:08:14.251+07:00"},"s":"I",  "c":"REPL",     "id":4280507, "ctx":"initandlisten","msg":"Loaded replica set config, scheduled callback to set local config"}
{"t":{"$date":"2021-12-11T05:08:14.251+07:00"},"s":"I",  "c":"REPL",     "id":4280508, "ctx":"ReplCoord-0","msg":"Attempting to set local replica set config; validating config for startup"}
{"t":{"$date":"2021-12-11T05:08:14.253+07:00"},"s":"I",  "c":"CONTROL",  "id":20714,   "ctx":"LogicalSessionCacheRefresh","msg":"Failed to refresh session cache, will try again at the next refresh interval","attr":{"error":"NotYetInitialized: Replication has not yet been configured"}}
{"t":{"$date":"2021-12-11T05:08:14.253+07:00"},"s":"I",  "c":"REPL",     "id":40440,   "ctx":"initandlisten","msg":"Starting the TopologyVersionObserver"}
{"t":{"$date":"2021-12-11T05:08:14.253+07:00"},"s":"I",  "c":"CONTROL",  "id":20711,   "ctx":"LogicalSessionCacheReap","msg":"Failed to reap transaction table","attr":{"error":"NotYetInitialized: Replication has not yet been configured"}}
{"t":{"$date":"2021-12-11T05:08:14.254+07:00"},"s":"I",  "c":"REPL",     "id":40445,   "ctx":"TopologyVersionObserver","msg":"Started TopologyVersionObserver"}
{"t":{"$date":"2021-12-11T05:08:14.254+07:00"},"s":"I",  "c":"NETWORK",  "id":23015,   "ctx":"listener","msg":"Listening on","attr":{"address":"127.0.0.1"}}
{"t":{"$date":"2021-12-11T05:08:14.254+07:00"},"s":"I",  "c":"NETWORK",  "id":23016,   "ctx":"listener","msg":"Waiting for connections","attr":{"port":27020,"ssl":"off"}}
{"t":{"$date":"2021-12-11T05:08:14.258+07:00"},"s":"I",  "c":"REPL",     "id":4280509, "ctx":"ReplCoord-0","msg":"Local configuration validated for startup"}
{"t":{"$date":"2021-12-11T05:08:14.258+07:00"},"s":"I",  "c":"REPL",     "id":6015317, "ctx":"ReplCoord-0","msg":"Setting new configuration state","attr":{"newState":"ConfigSteady","oldState":"ConfigStartingUp"}}
{"t":{"$date":"2021-12-11T05:08:14.258+07:00"},"s":"I",  "c":"REPL",     "id":21392,   "ctx":"ReplCoord-0","msg":"New replica set config in use","attr":{"config":{"_id":"prodrep","version":1,"term":2,"members":[{"_id":0,"host":"localhost:27020","arbiterOnly":false,"buildIndexes":true,"hidden":false,"priority":1,"tags":{},"secondaryDelaySecs":0,"votes":1}],"protocolVersion":1,"writeConcernMajorityJournalDefault":true,"settings":{"chainingAllowed":true,"heartbeatIntervalMillis":2000,"heartbeatTimeoutSecs":10,"electionTimeoutMillis":10000,"catchUpTimeoutMillis":-1,"catchUpTakeoverDelayMillis":30000,"getLastErrorModes":{},"getLastErrorDefaults":{"w":1,"wtimeout":0},"replicaSetId":{"$oid":"61b2fc15e987d6c9b2110cc5"}}}}}
{"t":{"$date":"2021-12-11T05:08:14.258+07:00"},"s":"I",  "c":"REPL",     "id":21393,   "ctx":"ReplCoord-0","msg":"Found self in config","attr":{"hostAndPort":"localhost:27020"}}
{"t":{"$date":"2021-12-11T05:08:14.258+07:00"},"s":"I",  "c":"REPL",     "id":21358,   "ctx":"ReplCoord-0","msg":"Replica set state transition","attr":{"newState":"STARTUP2","oldState":"STARTUP"}}
{"t":{"$date":"2021-12-11T05:08:14.258+07:00"},"s":"I",  "c":"REPL",     "id":21320,   "ctx":"ReplCoord-0","msg":"Updated term","attr":{"term":2}}
{"t":{"$date":"2021-12-11T05:08:14.258+07:00"},"s":"I",  "c":"REPL",     "id":21306,   "ctx":"ReplCoord-0","msg":"Starting replication storage threads"}
{"t":{"$date":"2021-12-11T05:08:14.259+07:00"},"s":"I",  "c":"REPL",     "id":4280512, "ctx":"ReplCoord-0","msg":"No initial sync required. Attempting to begin steady replication"}
{"t":{"$date":"2021-12-11T05:08:14.259+07:00"},"s":"I",  "c":"REPL",     "id":21358,   "ctx":"ReplCoord-0","msg":"Replica set state transition","attr":{"newState":"RECOVERING","oldState":"STARTUP2"}}
{"t":{"$date":"2021-12-11T05:08:14.260+07:00"},"s":"I",  "c":"REPL",     "id":21299,   "ctx":"ReplCoord-0","msg":"Starting replication fetcher thread"}
{"t":{"$date":"2021-12-11T05:08:14.260+07:00"},"s":"I",  "c":"REPL",     "id":21300,   "ctx":"ReplCoord-0","msg":"Starting replication applier thread"}
{"t":{"$date":"2021-12-11T05:08:14.260+07:00"},"s":"I",  "c":"REPL",     "id":21301,   "ctx":"ReplCoord-0","msg":"Starting replication reporter thread"}
{"t":{"$date":"2021-12-11T05:08:14.260+07:00"},"s":"I",  "c":"REPL",     "id":21224,   "ctx":"OplogApplier-0","msg":"Starting oplog application"}
{"t":{"$date":"2021-12-11T05:08:14.261+07:00"},"s":"I",  "c":"REPL",     "id":4280511, "ctx":"ReplCoord-0","msg":"Set local replica set config"}
{"t":{"$date":"2021-12-11T05:08:14.261+07:00"},"s":"I",  "c":"REPL",     "id":21358,   "ctx":"OplogApplier-0","msg":"Replica set state transition","attr":{"newState":"SECONDARY","oldState":"RECOVERING"}}
{"t":{"$date":"2021-12-11T05:08:14.261+07:00"},"s":"I",  "c":"ELECTION", "id":4615652, "ctx":"OplogApplier-0","msg":"Starting an election, since we've seen no PRIMARY in election timeout period","attr":{"electionTimeoutPeriodMillis":10000}}
{"t":{"$date":"2021-12-11T05:08:14.261+07:00"},"s":"I",  "c":"ELECTION", "id":21438,   "ctx":"OplogApplier-0","msg":"Conducting a dry run election to see if we could be elected","attr":{"currentTerm":2}}
{"t":{"$date":"2021-12-11T05:08:14.261+07:00"},"s":"I",  "c":"ELECTION", "id":21444,   "ctx":"ReplCoord-0","msg":"Dry election run succeeded, running for election","attr":{"newTerm":3}}
{"t":{"$date":"2021-12-11T05:08:14.261+07:00"},"s":"I",  "c":"ELECTION", "id":6015300, "ctx":"ReplCoord-0","msg":"Storing last vote document in local storage for my election","attr":{"lastVote":{"term":3,"candidateIndex":0}}}
{"t":{"$date":"2021-12-11T05:08:14.262+07:00"},"s":"I",  "c":"ELECTION", "id":21450,   "ctx":"ReplCoord-0","msg":"Election succeeded, assuming primary role","attr":{"term":3}}
{"t":{"$date":"2021-12-11T05:08:14.262+07:00"},"s":"I",  "c":"REPL",     "id":21358,   "ctx":"ReplCoord-0","msg":"Replica set state transition","attr":{"newState":"PRIMARY","oldState":"SECONDARY"}}
{"t":{"$date":"2021-12-11T05:08:14.262+07:00"},"s":"I",  "c":"REPL",     "id":21106,   "ctx":"ReplCoord-0","msg":"Resetting sync source to empty","attr":{"previousSyncSource":":27017"}}
{"t":{"$date":"2021-12-11T05:08:14.262+07:00"},"s":"I",  "c":"REPL",     "id":21359,   "ctx":"ReplCoord-0","msg":"Entering primary catch-up mode"}
{"t":{"$date":"2021-12-11T05:08:14.262+07:00"},"s":"I",  "c":"REPL",     "id":6015304, "ctx":"ReplCoord-0","msg":"Skipping primary catchup since we are the only node in the replica set."}
{"t":{"$date":"2021-12-11T05:08:14.262+07:00"},"s":"I",  "c":"REPL",     "id":21363,   "ctx":"ReplCoord-0","msg":"Exited primary catch-up mode"}
{"t":{"$date":"2021-12-11T05:08:14.262+07:00"},"s":"I",  "c":"REPL",     "id":21107,   "ctx":"ReplCoord-0","msg":"Stopping replication producer"}
{"t":{"$date":"2021-12-11T05:08:14.262+07:00"},"s":"I",  "c":"REPL",     "id":21239,   "ctx":"ReplBatcher","msg":"Oplog buffer has been drained","attr":{"term":3}}
{"t":{"$date":"2021-12-11T05:08:14.262+07:00"},"s":"I",  "c":"REPL",     "id":21343,   "ctx":"RstlKillOpThread","msg":"Starting to kill user operations"}
{"t":{"$date":"2021-12-11T05:08:14.262+07:00"},"s":"I",  "c":"REPL",     "id":21344,   "ctx":"RstlKillOpThread","msg":"Stopped killing user operations"}
{"t":{"$date":"2021-12-11T05:08:14.262+07:00"},"s":"I",  "c":"REPL",     "id":21340,   "ctx":"RstlKillOpThread","msg":"State transition ops metrics","attr":{"metrics":{"lastStateTransition":"stepUp","userOpsKilled":0,"userOpsRunning":0}}}
{"t":{"$date":"2021-12-11T05:08:14.262+07:00"},"s":"I",  "c":"REPL",     "id":4508103, "ctx":"OplogApplier-0","msg":"Increment the config term via reconfig"}
{"t":{"$date":"2021-12-11T05:08:14.262+07:00"},"s":"I",  "c":"REPL",     "id":6015313, "ctx":"OplogApplier-0","msg":"Replication config state is Steady, starting reconfig"}
{"t":{"$date":"2021-12-11T05:08:14.263+07:00"},"s":"I",  "c":"REPL",     "id":6015317, "ctx":"OplogApplier-0","msg":"Setting new configuration state","attr":{"newState":"ConfigReconfiguring","oldState":"ConfigSteady"}}
{"t":{"$date":"2021-12-11T05:08:14.263+07:00"},"s":"I",  "c":"REPL",     "id":21353,   "ctx":"OplogApplier-0","msg":"replSetReconfig config object parses ok","attr":{"numMembers":1}}
{"t":{"$date":"2021-12-11T05:08:14.263+07:00"},"s":"I",  "c":"REPL",     "id":51814,   "ctx":"OplogApplier-0","msg":"Persisting new config to disk"}
{"t":{"$date":"2021-12-11T05:08:14.263+07:00"},"s":"I",  "c":"REPL",     "id":6015315, "ctx":"OplogApplier-0","msg":"Persisted new config to disk"}
{"t":{"$date":"2021-12-11T05:08:14.263+07:00"},"s":"I",  "c":"REPL",     "id":6015317, "ctx":"OplogApplier-0","msg":"Setting new configuration state","attr":{"newState":"ConfigSteady","oldState":"ConfigReconfiguring"}}
{"t":{"$date":"2021-12-11T05:08:14.263+07:00"},"s":"I",  "c":"REPL",     "id":21392,   "ctx":"OplogApplier-0","msg":"New replica set config in use","attr":{"config":{"_id":"prodrep","version":1,"term":3,"members":[{"_id":0,"host":"localhost:27020","arbiterOnly":false,"buildIndexes":true,"hidden":false,"priority":1,"tags":{},"secondaryDelaySecs":0,"votes":1}],"protocolVersion":1,"writeConcernMajorityJournalDefault":true,"settings":{"chainingAllowed":true,"heartbeatIntervalMillis":2000,"heartbeatTimeoutSecs":10,"electionTimeoutMillis":10000,"catchUpTimeoutMillis":-1,"catchUpTakeoverDelayMillis":30000,"getLastErrorModes":{},"getLastErrorDefaults":{"w":1,"wtimeout":0},"replicaSetId":{"$oid":"61b2fc15e987d6c9b2110cc5"}}}}}
{"t":{"$date":"2021-12-11T05:08:14.263+07:00"},"s":"I",  "c":"REPL",     "id":21393,   "ctx":"OplogApplier-0","msg":"Found self in config","attr":{"hostAndPort":"localhost:27020"}}
{"t":{"$date":"2021-12-11T05:08:14.263+07:00"},"s":"I",  "c":"REPL",     "id":6015310, "ctx":"OplogApplier-0","msg":"Starting to transition to primary."}
{"t":{"$date":"2021-12-11T05:08:14.264+07:00"},"s":"I",  "c":"REPL",     "id":6015309, "ctx":"OplogApplier-0","msg":"Logging transition to primary to oplog on stepup"}
{"t":{"$date":"2021-12-11T05:08:14.264+07:00"},"s":"I",  "c":"STORAGE",  "id":20657,   "ctx":"OplogApplier-0","msg":"IndexBuildsCoordinator::onStepUp - this node is stepping up to primary"}
{"t":{"$date":"2021-12-11T05:08:14.264+07:00"},"s":"I",  "c":"REPL",     "id":21331,   "ctx":"OplogApplier-0","msg":"Transition to primary complete; database writes are now permitted"}
{"t":{"$date":"2021-12-11T05:08:14.266+07:00"},"s":"I",  "c":"-",        "id":4939300, "ctx":"monitoring-keys-for-HMAC","msg":"Failed to refresh key cache","attr":{"error":"ReadConcernMajorityNotAvailableYet: Read concern majority reads are currently not possible.","nextWakeupMillis":400}}
{"t":{"$date":"2021-12-11T05:08:14.266+07:00"},"s":"I",  "c":"REPL",     "id":5123005, "ctx":"TenantMigrationRecipientService-0","msg":"Rebuilding PrimaryOnlyService due to stepUp","attr":{"service":"TenantMigrationRecipientService"}}
{"t":{"$date":"2021-12-11T05:08:14.267+07:00"},"s":"I",  "c":"REPL",     "id":5123005, "ctx":"TenantMigrationDonorService-1","msg":"Rebuilding PrimaryOnlyService due to stepUp","attr":{"service":"TenantMigrationDonorService"}}
{"t":{"$date":"2021-12-11T05:09:13.993+07:00"},"s":"I",  "c":"STORAGE",  "id":22430,   "ctx":"Checkpointer","msg":"WiredTiger message","attr":{"message":"[1639174153:992509][19452:140719949635952], WT_SESSION.checkpoint: [WT_VERB_CHECKPOINT_PROGRESS] saving checkpoint snapshot min: 23, snapshot max: 23 snapshot count: 0, oldest timestamp: (1639173844, 1) , meta checkpoint timestamp: (1639174144, 1) base write gen: 290"}}
{"t":{"$date":"2021-12-11T05:10:14.004+07:00"},"s":"I",  "c":"STORAGE",  "id":22430,   "ctx":"Checkpointer","msg":"WiredTiger message","attr":{"message":"[1639174214:3981][19452:140719949635952], WT_SESSION.checkpoint: [WT_VERB_CHECKPOINT_PROGRESS] saving checkpoint snapshot min: 40, snapshot max: 40 snapshot count: 0, oldest timestamp: (1639173904, 1) , meta checkpoint timestamp: (1639174204, 1) base write gen: 290"}}
{"t":{"$date":"2021-12-11T05:10:43.832+07:00"},"s":"I",  "c":"NETWORK",  "id":22943,   "ctx":"listener","msg":"Connection accepted","attr":{"remote":"127.0.0.1:53933","uuid":"4e628aae-8b0b-4202-8444-6d6993ed2374","connectionId":1,"connectionCount":1}}
{"t":{"$date":"2021-12-11T05:10:43.832+07:00"},"s":"I",  "c":"NETWORK",  "id":51800,   "ctx":"conn1","msg":"client metadata","attr":{"remote":"127.0.0.1:53933","client":"conn1","doc":{"application":{"name":"MongoDB Shell"},"driver":{"name":"MongoDB Internal Client","version":"5.0.5"},"os":{"type":"Windows","name":"Microsoft Windows 10","architecture":"x86_64","version":"10.0 (build 22000)"}}}}
{"t":{"$date":"2021-12-11T05:11:14.010+07:00"},"s":"I",  "c":"STORAGE",  "id":22430,   "ctx":"Checkpointer","msg":"WiredTiger message","attr":{"message":"[1639174274:9880][19452:140719949635952], WT_SESSION.checkpoint: [WT_VERB_CHECKPOINT_PROGRESS] saving checkpoint snapshot min: 55, snapshot max: 55 snapshot count: 0, oldest timestamp: (1639173964, 1) , meta checkpoint timestamp: (1639174264, 1) base write gen: 290"}}
{"t":{"$date":"2021-12-11T05:12:14.016+07:00"},"s":"I",  "c":"STORAGE",  "id":22430,   "ctx":"Checkpointer","msg":"WiredTiger message","attr":{"message":"[1639174334:15672][19452:140719949635952], WT_SESSION.checkpoint: [WT_VERB_CHECKPOINT_PROGRESS] saving checkpoint snapshot min: 70, snapshot max: 70 snapshot count: 0, oldest timestamp: (1639174024, 1) , meta checkpoint timestamp: (1639174324, 1) base write gen: 290"}}
{"t":{"$date":"2021-12-11T05:13:14.023+07:00"},"s":"I",  "c":"STORAGE",  "id":22430,   "ctx":"Checkpointer","msg":"WiredTiger message","attr":{"message":"[1639174394:23358][19452:140719949635952], WT_SESSION.checkpoint: [WT_VERB_CHECKPOINT_PROGRESS] saving checkpoint snapshot min: 85, snapshot max: 85 snapshot count: 0, oldest timestamp: (1639174084, 1) , meta checkpoint timestamp: (1639174384, 1) base write gen: 290"}}
{"t":{"$date":"2021-12-11T05:14:14.031+07:00"},"s":"I",  "c":"STORAGE",  "id":22430,   "ctx":"Checkpointer","msg":"WiredTiger message","attr":{"message":"[1639174454:30310][19452:140719949635952], WT_SESSION.checkpoint: [WT_VERB_CHECKPOINT_PROGRESS] saving checkpoint snapshot min: 100, snapshot max: 100 snapshot count: 0, oldest timestamp: (1639174144, 1) , meta checkpoint timestamp: (1639174444, 1) base write gen: 290"}}
{"t":{"$date":"2021-12-11T05:15:14.037+07:00"},"s":"I",  "c":"STORAGE",  "id":22430,   "ctx":"Checkpointer","msg":"WiredTiger message","attr":{"message":"[1639174514:37498][19452:140719949635952], WT_SESSION.checkpoint: [WT_VERB_CHECKPOINT_PROGRESS] saving checkpoint snapshot min: 115, snapshot max: 115 snapshot count: 0, oldest timestamp: (1639174204, 1) , meta checkpoint timestamp: (1639174504, 1) base write gen: 290"}}
{"t":{"$date":"2021-12-11T05:16:14.044+07:00"},"s":"I",  "c":"STORAGE",  "id":22430,   "ctx":"Checkpointer","msg":"WiredTiger message","attr":{"message":"[1639174574:43765][19452:140719949635952], WT_SESSION.checkpoint: [WT_VERB_CHECKPOINT_PROGRESS] saving checkpoint snapshot min: 130, snapshot max: 130 snapshot count: 0, oldest timestamp: (1639174264, 1) , meta checkpoint timestamp: (1639174564, 1) base write gen: 290"}}
{"t":{"$date":"2021-12-11T05:17:14.051+07:00"},"s":"I",  "c":"STORAGE",  "id":22430,   "ctx":"Checkpointer","msg":"WiredTiger message","attr":{"message":"[1639174634:50193][19452:140719949635952], WT_SESSION.checkpoint: [WT_VERB_CHECKPOINT_PROGRESS] saving checkpoint snapshot min: 145, snapshot max: 145 snapshot count: 0, oldest timestamp: (1639174324, 1) , meta checkpoint timestamp: (1639174624, 1) base write gen: 290"}}
{"t":{"$date":"2021-12-11T05:18:14.058+07:00"},"s":"I",  "c":"STORAGE",  "id":22430,   "ctx":"Checkpointer","msg":"WiredTiger message","attr":{"message":"[1639174694:58708][19452:140719949635952], WT_SESSION.checkpoint: [WT_VERB_CHECKPOINT_PROGRESS] saving checkpoint snapshot min: 160, snapshot max: 160 snapshot count: 0, oldest timestamp: (1639174384, 1) , meta checkpoint timestamp: (1639174684, 1) base write gen: 290"}}
{"t":{"$date":"2021-12-11T05:19:14.068+07:00"},"s":"I",  "c":"STORAGE",  "id":22430,   "ctx":"Checkpointer","msg":"WiredTiger message","attr":{"message":"[1639174754:67835][19452:140719949635952], WT_SESSION.checkpoint: [WT_VERB_CHECKPOINT_PROGRESS] saving checkpoint snapshot min: 175, snapshot max: 175 snapshot count: 0, oldest timestamp: (1639174444, 1) , meta checkpoint timestamp: (1639174744, 1) base write gen: 290"}}
{"t":{"$date":"2021-12-11T05:20:14.072+07:00"},"s":"I",  "c":"STORAGE",  "id":22430,   "ctx":"Checkpointer","msg":"WiredTiger message","attr":{"message":"[1639174814:72670][19452:140719949635952], WT_SESSION.checkpoint: [WT_VERB_CHECKPOINT_PROGRESS] saving checkpoint snapshot min: 190, snapshot max: 190 snapshot count: 0, oldest timestamp: (1639174504, 1) , meta checkpoint timestamp: (1639174804, 1) base write gen: 290"}}
{"t":{"$date":"2021-12-11T05:21:14.079+07:00"},"s":"I",  "c":"STORAGE",  "id":22430,   "ctx":"Checkpointer","msg":"WiredTiger message","attr":{"message":"[1639174874:79307][19452:140719949635952], WT_SESSION.checkpoint: [WT_VERB_CHECKPOINT_PROGRESS] saving checkpoint snapshot min: 205, snapshot max: 205 snapshot count: 0, oldest timestamp: (1639174564, 1) , meta checkpoint timestamp: (1639174864, 1) base write gen: 290"}}
{"t":{"$date":"2021-12-11T05:22:14.085+07:00"},"s":"I",  "c":"STORAGE",  "id":22430,   "ctx":"Checkpointer","msg":"WiredTiger message","attr":{"message":"[1639174934:85436][19452:140719949635952], WT_SESSION.checkpoint: [WT_VERB_CHECKPOINT_PROGRESS] saving checkpoint snapshot min: 220, snapshot max: 220 snapshot count: 0, oldest timestamp: (1639174624, 1) , meta checkpoint timestamp: (1639174924, 1) base write gen: 290"}}
{"t":{"$date":"2021-12-11T05:23:14.090+07:00"},"s":"I",  "c":"STORAGE",  "id":22430,   "ctx":"Checkpointer","msg":"WiredTiger message","attr":{"message":"[1639174994:90275][19452:140719949635952], WT_SESSION.checkpoint: [WT_VERB_CHECKPOINT_PROGRESS] saving checkpoint snapshot min: 235, snapshot max: 235 snapshot count: 0, oldest timestamp: (1639174684, 1) , meta checkpoint timestamp: (1639174984, 1) base write gen: 290"}}
{"t":{"$date":"2021-12-11T05:24:14.096+07:00"},"s":"I",  "c":"STORAGE",  "id":22430,   "ctx":"Checkpointer","msg":"WiredTiger message","attr":{"message":"[1639175054:96293][19452:140719949635952], WT_SESSION.checkpoint: [WT_VERB_CHECKPOINT_PROGRESS] saving checkpoint snapshot min: 250, snapshot max: 250 snapshot count: 0, oldest timestamp: (1639174744, 1) , meta checkpoint timestamp: (1639175044, 1) base write gen: 290"}}
{"t":{"$date":"2021-12-11T05:25:14.102+07:00"},"s":"I",  "c":"STORAGE",  "id":22430,   "ctx":"Checkpointer","msg":"WiredTiger message","attr":{"message":"[1639175114:101491][19452:140719949635952], WT_SESSION.checkpoint: [WT_VERB_CHECKPOINT_PROGRESS] saving checkpoint snapshot min: 265, snapshot max: 265 snapshot count: 0, oldest timestamp: (1639174804, 1) , meta checkpoint timestamp: (1639175104, 1) base write gen: 290"}}
{"t":{"$date":"2021-12-11T05:26:14.107+07:00"},"s":"I",  "c":"STORAGE",  "id":22430,   "ctx":"Checkpointer","msg":"WiredTiger message","attr":{"message":"[1639175174:107704][19452:140719949635952], WT_SESSION.checkpoint: [WT_VERB_CHECKPOINT_PROGRESS] saving checkpoint snapshot min: 280, snapshot max: 280 snapshot count: 0, oldest timestamp: (1639174864, 1) , meta checkpoint timestamp: (1639175164, 1) base write gen: 290"}}
{"t":{"$date":"2021-12-11T05:27:14.112+07:00"},"s":"I",  "c":"STORAGE",  "id":22430,   "ctx":"Checkpointer","msg":"WiredTiger message","attr":{"message":"[1639175234:112654][19452:140719949635952], WT_SESSION.checkpoint: [WT_VERB_CHECKPOINT_PROGRESS] saving checkpoint snapshot min: 295, snapshot max: 295 snapshot count: 0, oldest timestamp: (1639174924, 1) , meta checkpoint timestamp: (1639175224, 1) base write gen: 290"}}
{"t":{"$date":"2021-12-11T05:28:14.119+07:00"},"s":"I",  "c":"STORAGE",  "id":22430,   "ctx":"Checkpointer","msg":"WiredTiger message","attr":{"message":"[1639175294:119120][19452:140719949635952], WT_SESSION.checkpoint: [WT_VERB_CHECKPOINT_PROGRESS] saving checkpoint snapshot min: 310, snapshot max: 310 snapshot count: 0, oldest timestamp: (1639174984, 1) , meta checkpoint timestamp: (1639175284, 1) base write gen: 290"}}
{"t":{"$date":"2021-12-11T05:29:14.128+07:00"},"s":"I",  "c":"STORAGE",  "id":22430,   "ctx":"Checkpointer","msg":"WiredTiger message","attr":{"message":"[1639175354:128086][19452:140719949635952], WT_SESSION.checkpoint: [WT_VERB_CHECKPOINT_PROGRESS] saving checkpoint snapshot min: 325, snapshot max: 325 snapshot count: 0, oldest timestamp: (1639175044, 1) , meta checkpoint timestamp: (1639175344, 1) base write gen: 290"}}
{"t":{"$date":"2021-12-11T05:30:14.132+07:00"},"s":"I",  "c":"STORAGE",  "id":22430,   "ctx":"Checkpointer","msg":"WiredTiger message","attr":{"message":"[1639175414:132389][19452:140719949635952], WT_SESSION.checkpoint: [WT_VERB_CHECKPOINT_PROGRESS] saving checkpoint snapshot min: 340, snapshot max: 340 snapshot count: 0, oldest timestamp: (1639175104, 1) , meta checkpoint timestamp: (1639175404, 1) base write gen: 290"}}
{"t":{"$date":"2021-12-11T05:31:14.137+07:00"},"s":"I",  "c":"STORAGE",  "id":22430,   "ctx":"Checkpointer","msg":"WiredTiger message","attr":{"message":"[1639175474:137085][19452:140719949635952], WT_SESSION.checkpoint: [WT_VERB_CHECKPOINT_PROGRESS] saving checkpoint snapshot min: 355, snapshot max: 355 snapshot count: 0, oldest timestamp: (1639175164, 1) , meta checkpoint timestamp: (1639175464, 1) base write gen: 290"}}
{"t":{"$date":"2021-12-11T05:32:14.141+07:00"},"s":"I",  "c":"STORAGE",  "id":22430,   "ctx":"Checkpointer","msg":"WiredTiger message","attr":{"message":"[1639175534:140878][19452:140719949635952], WT_SESSION.checkpoint: [WT_VERB_CHECKPOINT_PROGRESS] saving checkpoint snapshot min: 370, snapshot max: 370 snapshot count: 0, oldest timestamp: (1639175224, 1) , meta checkpoint timestamp: (1639175524, 1) base write gen: 290"}}
{"t":{"$date":"2021-12-11T05:33:14.148+07:00"},"s":"I",  "c":"STORAGE",  "id":22430,   "ctx":"Checkpointer","msg":"WiredTiger message","attr":{"message":"[1639175594:147847][19452:140719949635952], WT_SESSION.checkpoint: [WT_VERB_CHECKPOINT_PROGRESS] saving checkpoint snapshot min: 385, snapshot max: 385 snapshot count: 0, oldest timestamp: (1639175284, 1) , meta checkpoint timestamp: (1639175584, 1) base write gen: 290"}}
{"t":{"$date":"2021-12-11T05:34:14.155+07:00"},"s":"I",  "c":"STORAGE",  "id":22430,   "ctx":"Checkpointer","msg":"WiredTiger message","attr":{"message":"[1639175654:154869][19452:140719949635952], WT_SESSION.checkpoint: [WT_VERB_CHECKPOINT_PROGRESS] saving checkpoint snapshot min: 400, snapshot max: 400 snapshot count: 0, oldest timestamp: (1639175344, 1) , meta checkpoint timestamp: (1639175644, 1) base write gen: 290"}}
{"t":{"$date":"2021-12-11T05:35:14.164+07:00"},"s":"I",  "c":"STORAGE",  "id":22430,   "ctx":"Checkpointer","msg":"WiredTiger message","attr":{"message":"[1639175714:164207][19452:140719949635952], WT_SESSION.checkpoint: [WT_VERB_CHECKPOINT_PROGRESS] saving checkpoint snapshot min: 415, snapshot max: 415 snapshot count: 0, oldest timestamp: (1639175404, 1) , meta checkpoint timestamp: (1639175704, 1) base write gen: 290"}}
{"t":{"$date":"2021-12-11T05:36:14.172+07:00"},"s":"I",  "c":"STORAGE",  "id":22430,   "ctx":"Checkpointer","msg":"WiredTiger message","attr":{"message":"[1639175774:171829][19452:140719949635952], WT_SESSION.checkpoint: [WT_VERB_CHECKPOINT_PROGRESS] saving checkpoint snapshot min: 430, snapshot max: 430 snapshot count: 0, oldest timestamp: (1639175464, 1) , meta checkpoint timestamp: (1639175764, 1) base write gen: 290"}}
{"t":{"$date":"2021-12-11T05:37:14.181+07:00"},"s":"I",  "c":"STORAGE",  "id":22430,   "ctx":"Checkpointer","msg":"WiredTiger message","attr":{"message":"[1639175834:180859][19452:140719949635952], WT_SESSION.checkpoint: [WT_VERB_CHECKPOINT_PROGRESS] saving checkpoint snapshot min: 445, snapshot max: 445 snapshot count: 0, oldest timestamp: (1639175524, 1) , meta checkpoint timestamp: (1639175824, 1) base write gen: 290"}}
{"t":{"$date":"2021-12-11T05:38:14.188+07:00"},"s":"I",  "c":"STORAGE",  "id":22430,   "ctx":"Checkpointer","msg":"WiredTiger message","attr":{"message":"[1639175894:188042][19452:140719949635952], WT_SESSION.checkpoint: [WT_VERB_CHECKPOINT_PROGRESS] saving checkpoint snapshot min: 460, snapshot max: 460 snapshot count: 0, oldest timestamp: (1639175584, 1) , meta checkpoint timestamp: (1639175884, 1) base write gen: 290"}}
{"t":{"$date":"2021-12-11T05:39:14.194+07:00"},"s":"I",  "c":"STORAGE",  "id":22430,   "ctx":"Checkpointer","msg":"WiredTiger message","attr":{"message":"[1639175954:193837][19452:140719949635952], WT_SESSION.checkpoint: [WT_VERB_CHECKPOINT_PROGRESS] saving checkpoint snapshot min: 475, snapshot max: 475 snapshot count: 0, oldest timestamp: (1639175644, 1) , meta checkpoint timestamp: (1639175944, 1) base write gen: 290"}}
