{"t":{"$date":"2021-12-11T05:09:12.700+07:00"},"s":"I",  "c":"CONTROL",  "id":23285,   "ctx":"-","msg":"Automatically disabling TLS 1.0, to force-enable TLS 1.0 specify --sslDisabledProtocols 'none'"}
{"t":{"$date":"2021-12-11T05:09:13.196+07:00"},"s":"I",  "c":"NETWORK",  "id":4915701, "ctx":"main","msg":"Initialized wire specification","attr":{"spec":{"incomingExternalClient":{"minWireVersion":0,"maxWireVersion":13},"incomingInternalClient":{"minWireVersion":0,"maxWireVersion":13},"outgoing":{"minWireVersion":0,"maxWireVersion":13},"isInternalClient":true}}}
{"t":{"$date":"2021-12-11T05:09:13.198+07:00"},"s":"W",  "c":"ASIO",     "id":22601,   "ctx":"main","msg":"No TransportLayer configured during NetworkInterface startup"}
{"t":{"$date":"2021-12-11T05:09:13.198+07:00"},"s":"I",  "c":"NETWORK",  "id":4648602, "ctx":"main","msg":"Implicit TCP FastOpen in use."}
{"t":{"$date":"2021-12-11T05:09:13.199+07:00"},"s":"W",  "c":"ASIO",     "id":22601,   "ctx":"main","msg":"No TransportLayer configured during NetworkInterface startup"}
{"t":{"$date":"2021-12-11T05:09:13.199+07:00"},"s":"W",  "c":"ASIO",     "id":22601,   "ctx":"main","msg":"No TransportLayer configured during NetworkInterface startup"}
{"t":{"$date":"2021-12-11T05:09:13.199+07:00"},"s":"I",  "c":"REPL",     "id":5123008, "ctx":"main","msg":"Successfully registered PrimaryOnlyService","attr":{"service":"TenantMigrationDonorService","ns":"config.tenantMigrationDonors"}}
{"t":{"$date":"2021-12-11T05:09:13.199+07:00"},"s":"I",  "c":"REPL",     "id":5123008, "ctx":"main","msg":"Successfully registered PrimaryOnlyService","attr":{"service":"TenantMigrationRecipientService","ns":"config.tenantMigrationRecipients"}}
{"t":{"$date":"2021-12-11T05:09:13.199+07:00"},"s":"I",  "c":"CONTROL",  "id":5945603, "ctx":"main","msg":"Multi threading initialized"}
{"t":{"$date":"2021-12-11T05:09:13.201+07:00"},"s":"I",  "c":"CONTROL",  "id":4615611, "ctx":"initandlisten","msg":"MongoDB starting","attr":{"pid":4716,"port":27030,"dbPath":"C:/data2/db","architecture":"64-bit","host":"Ramanoss"}}
{"t":{"$date":"2021-12-11T05:09:13.201+07:00"},"s":"I",  "c":"CONTROL",  "id":23398,   "ctx":"initandlisten","msg":"Target operating system minimum version","attr":{"targetMinOS":"Windows 7/Windows Server 2008 R2"}}
{"t":{"$date":"2021-12-11T05:09:13.201+07:00"},"s":"I",  "c":"CONTROL",  "id":23403,   "ctx":"initandlisten","msg":"Build Info","attr":{"buildInfo":{"version":"5.0.5","gitVersion":"d65fd89df3fc039b5c55933c0f71d647a54510ae","modules":[],"allocator":"tcmalloc","environment":{"distmod":"windows","distarch":"x86_64","target_arch":"x86_64"}}}}
{"t":{"$date":"2021-12-11T05:09:13.201+07:00"},"s":"I",  "c":"CONTROL",  "id":51765,   "ctx":"initandlisten","msg":"Operating System","attr":{"os":{"name":"Microsoft Windows 10","version":"10.0 (build 22000)"}}}
{"t":{"$date":"2021-12-11T05:09:13.201+07:00"},"s":"I",  "c":"CONTROL",  "id":21951,   "ctx":"initandlisten","msg":"Options set by command line","attr":{"options":{"net":{"port":27030},"replication":{"replSet":"prodrep"},"storage":{"dbPath":"C:\\data2\\db","engine":"wiredTiger","journal":{"enabled":true}},"systemLog":{"destination":"file","path":"C:\\data2\\log\\mongod.log"}}}}
{"t":{"$date":"2021-12-11T05:09:13.203+07:00"},"s":"I",  "c":"STORAGE",  "id":22315,   "ctx":"initandlisten","msg":"Opening WiredTiger","attr":{"config":"create,cache_size=15787M,session_max=33000,eviction=(threads_min=4,threads_max=4),config_base=false,statistics=(fast),log=(enabled=true,archive=true,path=journal,compressor=snappy),builtin_extension_config=(zstd=(compression_level=6)),file_manager=(close_idle_time=600,close_scan_interval=10,close_handle_minimum=250),statistics_log=(wait=0),verbose=[recovery_progress,checkpoint_progress,compact_progress],"}}
{"t":{"$date":"2021-12-11T05:09:13.218+07:00"},"s":"I",  "c":"STORAGE",  "id":22430,   "ctx":"initandlisten","msg":"WiredTiger message","attr":{"message":"[1639174153:218579][4716:140719949635952], txn-recover: [WT_VERB_RECOVERY_PROGRESS] Recovering log 3 through 4"}}
{"t":{"$date":"2021-12-11T05:09:13.277+07:00"},"s":"I",  "c":"STORAGE",  "id":22430,   "ctx":"initandlisten","msg":"WiredTiger message","attr":{"message":"[1639174153:277423][4716:140719949635952], txn-recover: [WT_VERB_RECOVERY_PROGRESS] Recovering log 4 through 4"}}
{"t":{"$date":"2021-12-11T05:09:13.333+07:00"},"s":"I",  "c":"STORAGE",  "id":22430,   "ctx":"initandlisten","msg":"WiredTiger message","attr":{"message":"[1639174153:333271][4716:140719949635952], txn-recover: [WT_VERB_RECOVERY_ALL] Main recovery loop: starting at 3/13696 to 4/256"}}
{"t":{"$date":"2021-12-11T05:09:13.437+07:00"},"s":"I",  "c":"STORAGE",  "id":22430,   "ctx":"initandlisten","msg":"WiredTiger message","attr":{"message":"[1639174153:436996][4716:140719949635952], txn-recover: [WT_VERB_RECOVERY_PROGRESS] Recovering log 3 through 4"}}
{"t":{"$date":"2021-12-11T05:09:13.501+07:00"},"s":"I",  "c":"STORAGE",  "id":22430,   "ctx":"initandlisten","msg":"WiredTiger message","attr":{"message":"[1639174153:501821][4716:140719949635952], txn-recover: [WT_VERB_RECOVERY_PROGRESS] Recovering log 4 through 4"}}
{"t":{"$date":"2021-12-11T05:09:13.557+07:00"},"s":"I",  "c":"STORAGE",  "id":22430,   "ctx":"initandlisten","msg":"WiredTiger message","attr":{"message":"[1639174153:556674][4716:140719949635952], txn-recover: [WT_VERB_RECOVERY_ALL] Set global recovery timestamp: (0, 0)"}}
{"t":{"$date":"2021-12-11T05:09:13.557+07:00"},"s":"I",  "c":"STORAGE",  "id":22430,   "ctx":"initandlisten","msg":"WiredTiger message","attr":{"message":"[1639174153:557672][4716:140719949635952], txn-recover: [WT_VERB_RECOVERY_ALL] Set global oldest timestamp: (0, 0)"}}
{"t":{"$date":"2021-12-11T05:09:13.558+07:00"},"s":"I",  "c":"STORAGE",  "id":22430,   "ctx":"initandlisten","msg":"WiredTiger message","attr":{"message":"[1639174153:558670][4716:140719949635952], WT_SESSION.checkpoint: [WT_VERB_CHECKPOINT_PROGRESS] saving checkpoint snapshot min: 1, snapshot max: 1 snapshot count: 0, oldest timestamp: (0, 0) , meta checkpoint timestamp: (0, 0) base write gen: 200"}}
{"t":{"$date":"2021-12-11T05:09:13.562+07:00"},"s":"I",  "c":"STORAGE",  "id":4795906, "ctx":"initandlisten","msg":"WiredTiger opened","attr":{"durationMillis":359}}
{"t":{"$date":"2021-12-11T05:09:13.563+07:00"},"s":"I",  "c":"RECOVERY", "id":23987,   "ctx":"initandlisten","msg":"WiredTiger recoveryTimestamp","attr":{"recoveryTimestamp":{"$timestamp":{"t":0,"i":0}}}}
{"t":{"$date":"2021-12-11T05:09:13.564+07:00"},"s":"I",  "c":"STORAGE",  "id":4366408, "ctx":"initandlisten","msg":"No table logging settings modifications are required for existing WiredTiger tables","attr":{"loggingEnabled":false}}
{"t":{"$date":"2021-12-11T05:09:13.566+07:00"},"s":"I",  "c":"STORAGE",  "id":22262,   "ctx":"initandlisten","msg":"Timestamp monitor starting"}
{"t":{"$date":"2021-12-11T05:09:13.567+07:00"},"s":"W",  "c":"CONTROL",  "id":22120,   "ctx":"initandlisten","msg":"Access control is not enabled for the database. Read and write access to data and configuration is unrestricted","tags":["startupWarnings"]}
{"t":{"$date":"2021-12-11T05:09:13.567+07:00"},"s":"W",  "c":"CONTROL",  "id":22140,   "ctx":"initandlisten","msg":"This server is bound to localhost. Remote systems will be unable to connect to this server. Start the server with --bind_ip <address> to specify which IP addresses it should serve responses from, or with --bind_ip_all to bind to all interfaces. If this behavior is desired, start the server with --bind_ip 127.0.0.1 to disable this warning","tags":["startupWarnings"]}
{"t":{"$date":"2021-12-11T05:09:13.568+07:00"},"s":"I",  "c":"STORAGE",  "id":5071100, "ctx":"initandlisten","msg":"Clearing temp directory"}
{"t":{"$date":"2021-12-11T05:09:13.571+07:00"},"s":"I",  "c":"CONTROL",  "id":20536,   "ctx":"initandlisten","msg":"Flow Control is enabled on this deployment"}
{"t":{"$date":"2021-12-11T05:09:13.572+07:00"},"s":"I",  "c":"SHARDING", "id":20997,   "ctx":"initandlisten","msg":"Refreshed RWC defaults","attr":{"newDefaults":{}}}
{"t":{"$date":"2021-12-11T05:09:13.819+07:00"},"s":"I",  "c":"FTDC",     "id":20625,   "ctx":"initandlisten","msg":"Initializing full-time diagnostic data capture","attr":{"dataDirectory":"C:/data2/db/diagnostic.data"}}
{"t":{"$date":"2021-12-11T05:09:13.821+07:00"},"s":"I",  "c":"REPL",     "id":6015317, "ctx":"initandlisten","msg":"Setting new configuration state","attr":{"newState":"ConfigStartingUp","oldState":"ConfigPreStart"}}
{"t":{"$date":"2021-12-11T05:09:13.822+07:00"},"s":"I",  "c":"REPL",     "id":4280500, "ctx":"initandlisten","msg":"Attempting to create internal replication collections"}
{"t":{"$date":"2021-12-11T05:09:13.822+07:00"},"s":"I",  "c":"-",        "id":4939300, "ctx":"monitoring-keys-for-HMAC","msg":"Failed to refresh key cache","attr":{"error":"ReadConcernMajorityNotAvailableYet: Read concern majority reads are currently not possible.","nextWakeupMillis":200}}
{"t":{"$date":"2021-12-11T05:09:13.824+07:00"},"s":"I",  "c":"REPL",     "id":4280501, "ctx":"initandlisten","msg":"Attempting to load local voted for document"}
{"t":{"$date":"2021-12-11T05:09:13.824+07:00"},"s":"I",  "c":"REPL",     "id":21311,   "ctx":"initandlisten","msg":"Did not find local initialized voted for document at startup"}
{"t":{"$date":"2021-12-11T05:09:13.824+07:00"},"s":"I",  "c":"REPL",     "id":4280502, "ctx":"initandlisten","msg":"Searching for local Rollback ID document"}
{"t":{"$date":"2021-12-11T05:09:13.826+07:00"},"s":"I",  "c":"REPL",     "id":21529,   "ctx":"initandlisten","msg":"Initializing rollback ID","attr":{"rbid":1}}
{"t":{"$date":"2021-12-11T05:09:13.826+07:00"},"s":"I",  "c":"REPL",     "id":21313,   "ctx":"initandlisten","msg":"Did not find local replica set configuration document at startup","attr":{"error":{"code":47,"codeName":"NoMatchingDocument","errmsg":"Did not find replica set configuration document in local.system.replset"}}}
{"t":{"$date":"2021-12-11T05:09:13.826+07:00"},"s":"I",  "c":"REPL",     "id":6015317, "ctx":"initandlisten","msg":"Setting new configuration state","attr":{"newState":"ConfigUninitialized","oldState":"ConfigStartingUp"}}
{"t":{"$date":"2021-12-11T05:09:13.827+07:00"},"s":"I",  "c":"CONTROL",  "id":20714,   "ctx":"LogicalSessionCacheRefresh","msg":"Failed to refresh session cache, will try again at the next refresh interval","attr":{"error":"NotYetInitialized: Replication has not yet been configured"}}
{"t":{"$date":"2021-12-11T05:09:13.827+07:00"},"s":"I",  "c":"REPL",     "id":40440,   "ctx":"initandlisten","msg":"Starting the TopologyVersionObserver"}
{"t":{"$date":"2021-12-11T05:09:13.827+07:00"},"s":"I",  "c":"CONTROL",  "id":20712,   "ctx":"LogicalSessionCacheReap","msg":"Sessions collection is not set up; waiting until next sessions reap interval","attr":{"error":"NamespaceNotFound: config.system.sessions does not exist"}}
{"t":{"$date":"2021-12-11T05:09:13.827+07:00"},"s":"I",  "c":"REPL",     "id":40445,   "ctx":"TopologyVersionObserver","msg":"Started TopologyVersionObserver"}
{"t":{"$date":"2021-12-11T05:09:13.828+07:00"},"s":"I",  "c":"NETWORK",  "id":23015,   "ctx":"listener","msg":"Listening on","attr":{"address":"127.0.0.1"}}
{"t":{"$date":"2021-12-11T05:09:13.828+07:00"},"s":"I",  "c":"NETWORK",  "id":23016,   "ctx":"listener","msg":"Waiting for connections","attr":{"port":27030,"ssl":"off"}}
{"t":{"$date":"2021-12-11T05:09:14.023+07:00"},"s":"I",  "c":"-",        "id":4939300, "ctx":"monitoring-keys-for-HMAC","msg":"Failed to refresh key cache","attr":{"error":"NotYetInitialized: Cannot use non-local read concern until replica set is finished initializing.","nextWakeupMillis":400}}
{"t":{"$date":"2021-12-11T05:09:14.423+07:00"},"s":"I",  "c":"-",        "id":4939300, "ctx":"monitoring-keys-for-HMAC","msg":"Failed to refresh key cache","attr":{"error":"NotYetInitialized: Cannot use non-local read concern until replica set is finished initializing.","nextWakeupMillis":600}}
{"t":{"$date":"2021-12-11T05:09:15.024+07:00"},"s":"I",  "c":"-",        "id":4939300, "ctx":"monitoring-keys-for-HMAC","msg":"Failed to refresh key cache","attr":{"error":"NotYetInitialized: Cannot use non-local read concern until replica set is finished initializing.","nextWakeupMillis":800}}
{"t":{"$date":"2021-12-11T05:09:15.825+07:00"},"s":"I",  "c":"-",        "id":4939300, "ctx":"monitoring-keys-for-HMAC","msg":"Failed to refresh key cache","attr":{"error":"NotYetInitialized: Cannot use non-local read concern until replica set is finished initializing.","nextWakeupMillis":1000}}
{"t":{"$date":"2021-12-11T05:09:16.826+07:00"},"s":"I",  "c":"-",        "id":4939300, "ctx":"monitoring-keys-for-HMAC","msg":"Failed to refresh key cache","attr":{"error":"NotYetInitialized: Cannot use non-local read concern until replica set is finished initializing.","nextWakeupMillis":1200}}
{"t":{"$date":"2021-12-11T05:09:18.027+07:00"},"s":"I",  "c":"-",        "id":4939300, "ctx":"monitoring-keys-for-HMAC","msg":"Failed to refresh key cache","attr":{"error":"NotYetInitialized: Cannot use non-local read concern until replica set is finished initializing.","nextWakeupMillis":1400}}
{"t":{"$date":"2021-12-11T05:09:19.428+07:00"},"s":"I",  "c":"-",        "id":4939300, "ctx":"monitoring-keys-for-HMAC","msg":"Failed to refresh key cache","attr":{"error":"NotYetInitialized: Cannot use non-local read concern until replica set is finished initializing.","nextWakeupMillis":1600}}
{"t":{"$date":"2021-12-11T05:09:21.029+07:00"},"s":"I",  "c":"-",        "id":4939300, "ctx":"monitoring-keys-for-HMAC","msg":"Failed to refresh key cache","attr":{"error":"NotYetInitialized: Cannot use non-local read concern until replica set is finished initializing.","nextWakeupMillis":1800}}
{"t":{"$date":"2021-12-11T05:09:22.830+07:00"},"s":"I",  "c":"-",        "id":4939300, "ctx":"monitoring-keys-for-HMAC","msg":"Failed to refresh key cache","attr":{"error":"NotYetInitialized: Cannot use non-local read concern until replica set is finished initializing.","nextWakeupMillis":2000}}
{"t":{"$date":"2021-12-11T05:09:24.831+07:00"},"s":"I",  "c":"-",        "id":4939300, "ctx":"monitoring-keys-for-HMAC","msg":"Failed to refresh key cache","attr":{"error":"NotYetInitialized: Cannot use non-local read concern until replica set is finished initializing.","nextWakeupMillis":2200}}
{"t":{"$date":"2021-12-11T05:09:27.032+07:00"},"s":"I",  "c":"-",        "id":4939300, "ctx":"monitoring-keys-for-HMAC","msg":"Failed to refresh key cache","attr":{"error":"NotYetInitialized: Cannot use non-local read concern until replica set is finished initializing.","nextWakeupMillis":2400}}
{"t":{"$date":"2021-12-11T05:09:29.433+07:00"},"s":"I",  "c":"-",        "id":4939300, "ctx":"monitoring-keys-for-HMAC","msg":"Failed to refresh key cache","attr":{"error":"NotYetInitialized: Cannot use non-local read concern until replica set is finished initializing.","nextWakeupMillis":2600}}
{"t":{"$date":"2021-12-11T05:09:32.033+07:00"},"s":"I",  "c":"-",        "id":4939300, "ctx":"monitoring-keys-for-HMAC","msg":"Failed to refresh key cache","attr":{"error":"NotYetInitialized: Cannot use non-local read concern until replica set is finished initializing.","nextWakeupMillis":2800}}
{"t":{"$date":"2021-12-11T05:09:34.834+07:00"},"s":"I",  "c":"-",        "id":4939300, "ctx":"monitoring-keys-for-HMAC","msg":"Failed to refresh key cache","attr":{"error":"NotYetInitialized: Cannot use non-local read concern until replica set is finished initializing.","nextWakeupMillis":3000}}
{"t":{"$date":"2021-12-11T05:09:37.836+07:00"},"s":"I",  "c":"-",        "id":4939300, "ctx":"monitoring-keys-for-HMAC","msg":"Failed to refresh key cache","attr":{"error":"NotYetInitialized: Cannot use non-local read concern until replica set is finished initializing.","nextWakeupMillis":3200}}
{"t":{"$date":"2021-12-11T05:09:41.036+07:00"},"s":"I",  "c":"-",        "id":4939300, "ctx":"monitoring-keys-for-HMAC","msg":"Failed to refresh key cache","attr":{"error":"NotYetInitialized: Cannot use non-local read concern until replica set is finished initializing.","nextWakeupMillis":3400}}
{"t":{"$date":"2021-12-11T05:09:44.438+07:00"},"s":"I",  "c":"-",        "id":4939300, "ctx":"monitoring-keys-for-HMAC","msg":"Failed to refresh key cache","attr":{"error":"NotYetInitialized: Cannot use non-local read concern until replica set is finished initializing.","nextWakeupMillis":3600}}
{"t":{"$date":"2021-12-11T05:09:48.039+07:00"},"s":"I",  "c":"-",        "id":4939300, "ctx":"monitoring-keys-for-HMAC","msg":"Failed to refresh key cache","attr":{"error":"NotYetInitialized: Cannot use non-local read concern until replica set is finished initializing.","nextWakeupMillis":3800}}
{"t":{"$date":"2021-12-11T05:09:51.840+07:00"},"s":"I",  "c":"-",        "id":4939300, "ctx":"monitoring-keys-for-HMAC","msg":"Failed to refresh key cache","attr":{"error":"NotYetInitialized: Cannot use non-local read concern until replica set is finished initializing.","nextWakeupMillis":4000}}
{"t":{"$date":"2021-12-11T05:09:55.841+07:00"},"s":"I",  "c":"-",        "id":4939300, "ctx":"monitoring-keys-for-HMAC","msg":"Failed to refresh key cache","attr":{"error":"NotYetInitialized: Cannot use non-local read concern until replica set is finished initializing.","nextWakeupMillis":4200}}
{"t":{"$date":"2021-12-11T05:10:00.042+07:00"},"s":"I",  "c":"-",        "id":4939300, "ctx":"monitoring-keys-for-HMAC","msg":"Failed to refresh key cache","attr":{"error":"NotYetInitialized: Cannot use non-local read concern until replica set is finished initializing.","nextWakeupMillis":4400}}
{"t":{"$date":"2021-12-11T05:10:04.442+07:00"},"s":"I",  "c":"-",        "id":4939300, "ctx":"monitoring-keys-for-HMAC","msg":"Failed to refresh key cache","attr":{"error":"NotYetInitialized: Cannot use non-local read concern until replica set is finished initializing.","nextWakeupMillis":4600}}
{"t":{"$date":"2021-12-11T05:10:09.043+07:00"},"s":"I",  "c":"-",        "id":4939300, "ctx":"monitoring-keys-for-HMAC","msg":"Failed to refresh key cache","attr":{"error":"NotYetInitialized: Cannot use non-local read concern until replica set is finished initializing.","nextWakeupMillis":4800}}
{"t":{"$date":"2021-12-11T05:10:13.568+07:00"},"s":"I",  "c":"STORAGE",  "id":22430,   "ctx":"Checkpointer","msg":"WiredTiger message","attr":{"message":"[1639174213:568624][4716:140719949635952], WT_SESSION.checkpoint: [WT_VERB_CHECKPOINT_PROGRESS] saving checkpoint snapshot min: 3, snapshot max: 3 snapshot count: 0, oldest timestamp: (0, 0) , meta checkpoint timestamp: (0, 0) base write gen: 200"}}
{"t":{"$date":"2021-12-11T05:10:13.844+07:00"},"s":"I",  "c":"-",        "id":4939300, "ctx":"monitoring-keys-for-HMAC","msg":"Failed to refresh key cache","attr":{"error":"NotYetInitialized: Cannot use non-local read concern until replica set is finished initializing.","nextWakeupMillis":5000}}
{"t":{"$date":"2021-12-11T05:10:18.844+07:00"},"s":"I",  "c":"-",        "id":4939300, "ctx":"monitoring-keys-for-HMAC","msg":"Failed to refresh key cache","attr":{"error":"NotYetInitialized: Cannot use non-local read concern until replica set is finished initializing.","nextWakeupMillis":5200}}
{"t":{"$date":"2021-12-11T05:10:24.044+07:00"},"s":"I",  "c":"-",        "id":4939300, "ctx":"monitoring-keys-for-HMAC","msg":"Failed to refresh key cache","attr":{"error":"NotYetInitialized: Cannot use non-local read concern until replica set is finished initializing.","nextWakeupMillis":5400}}
{"t":{"$date":"2021-12-11T05:10:29.445+07:00"},"s":"I",  "c":"-",        "id":4939300, "ctx":"monitoring-keys-for-HMAC","msg":"Failed to refresh key cache","attr":{"error":"NotYetInitialized: Cannot use non-local read concern until replica set is finished initializing.","nextWakeupMillis":5600}}
{"t":{"$date":"2021-12-11T05:10:35.046+07:00"},"s":"I",  "c":"-",        "id":4939300, "ctx":"monitoring-keys-for-HMAC","msg":"Failed to refresh key cache","attr":{"error":"NotYetInitialized: Cannot use non-local read concern until replica set is finished initializing.","nextWakeupMillis":5800}}
{"t":{"$date":"2021-12-11T05:10:40.847+07:00"},"s":"I",  "c":"-",        "id":4939300, "ctx":"monitoring-keys-for-HMAC","msg":"Failed to refresh key cache","attr":{"error":"NotYetInitialized: Cannot use non-local read concern until replica set is finished initializing.","nextWakeupMillis":6000}}
{"t":{"$date":"2021-12-11T05:10:46.847+07:00"},"s":"I",  "c":"-",        "id":4939300, "ctx":"monitoring-keys-for-HMAC","msg":"Failed to refresh key cache","attr":{"error":"NotYetInitialized: Cannot use non-local read concern until replica set is finished initializing.","nextWakeupMillis":6200}}
{"t":{"$date":"2021-12-11T05:10:53.050+07:00"},"s":"I",  "c":"-",        "id":4939300, "ctx":"monitoring-keys-for-HMAC","msg":"Failed to refresh key cache","attr":{"error":"NotYetInitialized: Cannot use non-local read concern until replica set is finished initializing.","nextWakeupMillis":6400}}
{"t":{"$date":"2021-12-11T05:10:59.451+07:00"},"s":"I",  "c":"-",        "id":4939300, "ctx":"monitoring-keys-for-HMAC","msg":"Failed to refresh key cache","attr":{"error":"NotYetInitialized: Cannot use non-local read concern until replica set is finished initializing.","nextWakeupMillis":6600}}
{"t":{"$date":"2021-12-11T05:11:06.052+07:00"},"s":"I",  "c":"-",        "id":4939300, "ctx":"monitoring-keys-for-HMAC","msg":"Failed to refresh key cache","attr":{"error":"NotYetInitialized: Cannot use non-local read concern until replica set is finished initializing.","nextWakeupMillis":6800}}
{"t":{"$date":"2021-12-11T05:11:08.074+07:00"},"s":"I",  "c":"NETWORK",  "id":22943,   "ctx":"listener","msg":"Connection accepted","attr":{"remote":"127.0.0.1:53941","uuid":"1a5f1e88-eeab-4113-8ef3-668fd99ec238","connectionId":1,"connectionCount":1}}
{"t":{"$date":"2021-12-11T05:11:08.074+07:00"},"s":"I",  "c":"NETWORK",  "id":51800,   "ctx":"conn1","msg":"client metadata","attr":{"remote":"127.0.0.1:53941","client":"conn1","doc":{"application":{"name":"MongoDB Shell"},"driver":{"name":"MongoDB Internal Client","version":"5.0.5"},"os":{"type":"Windows","name":"Microsoft Windows 10","architecture":"x86_64","version":"10.0 (build 22000)"}}}}
{"t":{"$date":"2021-12-11T05:11:12.853+07:00"},"s":"I",  "c":"-",        "id":4939300, "ctx":"monitoring-keys-for-HMAC","msg":"Failed to refresh key cache","attr":{"error":"NotYetInitialized: Cannot use non-local read concern until replica set is finished initializing.","nextWakeupMillis":7000}}
{"t":{"$date":"2021-12-11T05:11:13.574+07:00"},"s":"I",  "c":"STORAGE",  "id":22430,   "ctx":"Checkpointer","msg":"WiredTiger message","attr":{"message":"[1639174273:573611][4716:140719949635952], WT_SESSION.checkpoint: [WT_VERB_CHECKPOINT_PROGRESS] saving checkpoint snapshot min: 6, snapshot max: 6 snapshot count: 0, oldest timestamp: (0, 0) , meta checkpoint timestamp: (0, 0) base write gen: 200"}}
{"t":{"$date":"2021-12-11T05:11:19.853+07:00"},"s":"I",  "c":"-",        "id":4939300, "ctx":"monitoring-keys-for-HMAC","msg":"Failed to refresh key cache","attr":{"error":"NotYetInitialized: Cannot use non-local read concern until replica set is finished initializing.","nextWakeupMillis":7200}}
{"t":{"$date":"2021-12-11T05:11:27.054+07:00"},"s":"I",  "c":"-",        "id":4939300, "ctx":"monitoring-keys-for-HMAC","msg":"Failed to refresh key cache","attr":{"error":"NotYetInitialized: Cannot use non-local read concern until replica set is finished initializing.","nextWakeupMillis":7400}}
{"t":{"$date":"2021-12-11T05:11:34.455+07:00"},"s":"I",  "c":"-",        "id":4939300, "ctx":"monitoring-keys-for-HMAC","msg":"Failed to refresh key cache","attr":{"error":"NotYetInitialized: Cannot use non-local read concern until replica set is finished initializing.","nextWakeupMillis":7600}}
{"t":{"$date":"2021-12-11T05:11:42.056+07:00"},"s":"I",  "c":"-",        "id":4939300, "ctx":"monitoring-keys-for-HMAC","msg":"Failed to refresh key cache","attr":{"error":"NotYetInitialized: Cannot use non-local read concern until replica set is finished initializing.","nextWakeupMillis":7800}}
{"t":{"$date":"2021-12-11T05:11:49.857+07:00"},"s":"I",  "c":"-",        "id":4939300, "ctx":"monitoring-keys-for-HMAC","msg":"Failed to refresh key cache","attr":{"error":"NotYetInitialized: Cannot use non-local read concern until replica set is finished initializing.","nextWakeupMillis":8000}}
{"t":{"$date":"2021-12-11T05:11:57.858+07:00"},"s":"I",  "c":"-",        "id":4939300, "ctx":"monitoring-keys-for-HMAC","msg":"Failed to refresh key cache","attr":{"error":"NotYetInitialized: Cannot use non-local read concern until replica set is finished initializing.","nextWakeupMillis":8200}}
{"t":{"$date":"2021-12-11T05:12:06.058+07:00"},"s":"I",  "c":"-",        "id":4939300, "ctx":"monitoring-keys-for-HMAC","msg":"Failed to refresh key cache","attr":{"error":"NotYetInitialized: Cannot use non-local read concern until replica set is finished initializing.","nextWakeupMillis":8400}}
{"t":{"$date":"2021-12-11T05:12:13.581+07:00"},"s":"I",  "c":"STORAGE",  "id":22430,   "ctx":"Checkpointer","msg":"WiredTiger message","attr":{"message":"[1639174333:581114][4716:140719949635952], WT_SESSION.checkpoint: [WT_VERB_CHECKPOINT_PROGRESS] saving checkpoint snapshot min: 8, snapshot max: 8 snapshot count: 0, oldest timestamp: (0, 0) , meta checkpoint timestamp: (0, 0) base write gen: 200"}}
{"t":{"$date":"2021-12-11T05:12:14.459+07:00"},"s":"I",  "c":"-",        "id":4939300, "ctx":"monitoring-keys-for-HMAC","msg":"Failed to refresh key cache","attr":{"error":"NotYetInitialized: Cannot use non-local read concern until replica set is finished initializing.","nextWakeupMillis":8600}}
{"t":{"$date":"2021-12-11T05:12:23.059+07:00"},"s":"I",  "c":"-",        "id":4939300, "ctx":"monitoring-keys-for-HMAC","msg":"Failed to refresh key cache","attr":{"error":"NotYetInitialized: Cannot use non-local read concern until replica set is finished initializing.","nextWakeupMillis":8800}}
{"t":{"$date":"2021-12-11T05:12:31.861+07:00"},"s":"I",  "c":"-",        "id":4939300, "ctx":"monitoring-keys-for-HMAC","msg":"Failed to refresh key cache","attr":{"error":"NotYetInitialized: Cannot use non-local read concern until replica set is finished initializing.","nextWakeupMillis":9000}}
{"t":{"$date":"2021-12-11T05:12:40.862+07:00"},"s":"I",  "c":"-",        "id":4939300, "ctx":"monitoring-keys-for-HMAC","msg":"Failed to refresh key cache","attr":{"error":"NotYetInitialized: Cannot use non-local read concern until replica set is finished initializing.","nextWakeupMillis":9200}}
{"t":{"$date":"2021-12-11T05:12:50.063+07:00"},"s":"I",  "c":"-",        "id":4939300, "ctx":"monitoring-keys-for-HMAC","msg":"Failed to refresh key cache","attr":{"error":"NotYetInitialized: Cannot use non-local read concern until replica set is finished initializing.","nextWakeupMillis":9400}}
{"t":{"$date":"2021-12-11T05:12:59.465+07:00"},"s":"I",  "c":"-",        "id":4939300, "ctx":"monitoring-keys-for-HMAC","msg":"Failed to refresh key cache","attr":{"error":"NotYetInitialized: Cannot use non-local read concern until replica set is finished initializing.","nextWakeupMillis":9600}}
{"t":{"$date":"2021-12-11T05:13:09.066+07:00"},"s":"I",  "c":"-",        "id":4939300, "ctx":"monitoring-keys-for-HMAC","msg":"Failed to refresh key cache","attr":{"error":"NotYetInitialized: Cannot use non-local read concern until replica set is finished initializing.","nextWakeupMillis":9800}}
{"t":{"$date":"2021-12-11T05:13:13.585+07:00"},"s":"I",  "c":"STORAGE",  "id":22430,   "ctx":"Checkpointer","msg":"WiredTiger message","attr":{"message":"[1639174393:584906][4716:140719949635952], WT_SESSION.checkpoint: [WT_VERB_CHECKPOINT_PROGRESS] saving checkpoint snapshot min: 10, snapshot max: 10 snapshot count: 0, oldest timestamp: (0, 0) , meta checkpoint timestamp: (0, 0) base write gen: 200"}}
{"t":{"$date":"2021-12-11T05:13:18.867+07:00"},"s":"I",  "c":"-",        "id":4939300, "ctx":"monitoring-keys-for-HMAC","msg":"Failed to refresh key cache","attr":{"error":"NotYetInitialized: Cannot use non-local read concern until replica set is finished initializing.","nextWakeupMillis":10000}}
{"t":{"$date":"2021-12-11T05:13:28.868+07:00"},"s":"I",  "c":"-",        "id":4939300, "ctx":"monitoring-keys-for-HMAC","msg":"Failed to refresh key cache","attr":{"error":"NotYetInitialized: Cannot use non-local read concern until replica set is finished initializing.","nextWakeupMillis":10200}}
{"t":{"$date":"2021-12-11T05:13:39.068+07:00"},"s":"I",  "c":"-",        "id":4939300, "ctx":"monitoring-keys-for-HMAC","msg":"Failed to refresh key cache","attr":{"error":"NotYetInitialized: Cannot use non-local read concern until replica set is finished initializing.","nextWakeupMillis":10400}}
{"t":{"$date":"2021-12-11T05:13:49.468+07:00"},"s":"I",  "c":"-",        "id":4939300, "ctx":"monitoring-keys-for-HMAC","msg":"Failed to refresh key cache","attr":{"error":"NotYetInitialized: Cannot use non-local read concern until replica set is finished initializing.","nextWakeupMillis":10600}}
{"t":{"$date":"2021-12-11T05:14:00.068+07:00"},"s":"I",  "c":"-",        "id":4939300, "ctx":"monitoring-keys-for-HMAC","msg":"Failed to refresh key cache","attr":{"error":"NotYetInitialized: Cannot use non-local read concern until replica set is finished initializing.","nextWakeupMillis":10800}}
{"t":{"$date":"2021-12-11T05:14:10.868+07:00"},"s":"I",  "c":"-",        "id":4939300, "ctx":"monitoring-keys-for-HMAC","msg":"Failed to refresh key cache","attr":{"error":"NotYetInitialized: Cannot use non-local read concern until replica set is finished initializing.","nextWakeupMillis":11000}}
{"t":{"$date":"2021-12-11T05:14:13.588+07:00"},"s":"I",  "c":"STORAGE",  "id":22430,   "ctx":"Checkpointer","msg":"WiredTiger message","attr":{"message":"[1639174453:588493][4716:140719949635952], WT_SESSION.checkpoint: [WT_VERB_CHECKPOINT_PROGRESS] saving checkpoint snapshot min: 12, snapshot max: 12 snapshot count: 0, oldest timestamp: (0, 0) , meta checkpoint timestamp: (0, 0) base write gen: 200"}}
{"t":{"$date":"2021-12-11T05:14:13.828+07:00"},"s":"I",  "c":"CONTROL",  "id":20714,   "ctx":"LogicalSessionCacheRefresh","msg":"Failed to refresh session cache, will try again at the next refresh interval","attr":{"error":"NotYetInitialized: Replication has not yet been configured"}}
{"t":{"$date":"2021-12-11T05:14:13.828+07:00"},"s":"I",  "c":"CONTROL",  "id":20712,   "ctx":"LogicalSessionCacheReap","msg":"Sessions collection is not set up; waiting until next sessions reap interval","attr":{"error":"NamespaceNotFound: config.system.sessions does not exist"}}
{"t":{"$date":"2021-12-11T05:14:21.868+07:00"},"s":"I",  "c":"-",        "id":4939300, "ctx":"monitoring-keys-for-HMAC","msg":"Failed to refresh key cache","attr":{"error":"NotYetInitialized: Cannot use non-local read concern until replica set is finished initializing.","nextWakeupMillis":11200}}
{"t":{"$date":"2021-12-11T05:14:33.068+07:00"},"s":"I",  "c":"-",        "id":4939300, "ctx":"monitoring-keys-for-HMAC","msg":"Failed to refresh key cache","attr":{"error":"NotYetInitialized: Cannot use non-local read concern until replica set is finished initializing.","nextWakeupMillis":11400}}
{"t":{"$date":"2021-12-11T05:14:44.468+07:00"},"s":"I",  "c":"-",        "id":4939300, "ctx":"monitoring-keys-for-HMAC","msg":"Failed to refresh key cache","attr":{"error":"NotYetInitialized: Cannot use non-local read concern until replica set is finished initializing.","nextWakeupMillis":11600}}
{"t":{"$date":"2021-12-11T05:14:56.070+07:00"},"s":"I",  "c":"-",        "id":4939300, "ctx":"monitoring-keys-for-HMAC","msg":"Failed to refresh key cache","attr":{"error":"NotYetInitialized: Cannot use non-local read concern until replica set is finished initializing.","nextWakeupMillis":11800}}
{"t":{"$date":"2021-12-11T05:15:07.871+07:00"},"s":"I",  "c":"-",        "id":4939300, "ctx":"monitoring-keys-for-HMAC","msg":"Failed to refresh key cache","attr":{"error":"NotYetInitialized: Cannot use non-local read concern until replica set is finished initializing.","nextWakeupMillis":12000}}
{"t":{"$date":"2021-12-11T05:15:13.592+07:00"},"s":"I",  "c":"STORAGE",  "id":22430,   "ctx":"Checkpointer","msg":"WiredTiger message","attr":{"message":"[1639174513:591885][4716:140719949635952], WT_SESSION.checkpoint: [WT_VERB_CHECKPOINT_PROGRESS] saving checkpoint snapshot min: 14, snapshot max: 14 snapshot count: 0, oldest timestamp: (0, 0) , meta checkpoint timestamp: (0, 0) base write gen: 200"}}
{"t":{"$date":"2021-12-11T05:15:19.872+07:00"},"s":"I",  "c":"-",        "id":4939300, "ctx":"monitoring-keys-for-HMAC","msg":"Failed to refresh key cache","attr":{"error":"NotYetInitialized: Cannot use non-local read concern until replica set is finished initializing.","nextWakeupMillis":12200}}
{"t":{"$date":"2021-12-11T05:15:32.073+07:00"},"s":"I",  "c":"-",        "id":4939300, "ctx":"monitoring-keys-for-HMAC","msg":"Failed to refresh key cache","attr":{"error":"NotYetInitialized: Cannot use non-local read concern until replica set is finished initializing.","nextWakeupMillis":12400}}
{"t":{"$date":"2021-12-11T05:15:44.474+07:00"},"s":"I",  "c":"-",        "id":4939300, "ctx":"monitoring-keys-for-HMAC","msg":"Failed to refresh key cache","attr":{"error":"NotYetInitialized: Cannot use non-local read concern until replica set is finished initializing.","nextWakeupMillis":12600}}
{"t":{"$date":"2021-12-11T05:15:57.076+07:00"},"s":"I",  "c":"-",        "id":4939300, "ctx":"monitoring-keys-for-HMAC","msg":"Failed to refresh key cache","attr":{"error":"NotYetInitialized: Cannot use non-local read concern until replica set is finished initializing.","nextWakeupMillis":12800}}
{"t":{"$date":"2021-12-11T05:16:09.877+07:00"},"s":"I",  "c":"-",        "id":4939300, "ctx":"monitoring-keys-for-HMAC","msg":"Failed to refresh key cache","attr":{"error":"NotYetInitialized: Cannot use non-local read concern until replica set is finished initializing.","nextWakeupMillis":13000}}
{"t":{"$date":"2021-12-11T05:16:13.595+07:00"},"s":"I",  "c":"STORAGE",  "id":22430,   "ctx":"Checkpointer","msg":"WiredTiger message","attr":{"message":"[1639174573:595449][4716:140719949635952], WT_SESSION.checkpoint: [WT_VERB_CHECKPOINT_PROGRESS] saving checkpoint snapshot min: 16, snapshot max: 16 snapshot count: 0, oldest timestamp: (0, 0) , meta checkpoint timestamp: (0, 0) base write gen: 200"}}
{"t":{"$date":"2021-12-11T05:16:22.878+07:00"},"s":"I",  "c":"-",        "id":4939300, "ctx":"monitoring-keys-for-HMAC","msg":"Failed to refresh key cache","attr":{"error":"NotYetInitialized: Cannot use non-local read concern until replica set is finished initializing.","nextWakeupMillis":13200}}
{"t":{"$date":"2021-12-11T05:16:36.079+07:00"},"s":"I",  "c":"-",        "id":4939300, "ctx":"monitoring-keys-for-HMAC","msg":"Failed to refresh key cache","attr":{"error":"NotYetInitialized: Cannot use non-local read concern until replica set is finished initializing.","nextWakeupMillis":13400}}
{"t":{"$date":"2021-12-11T05:16:49.480+07:00"},"s":"I",  "c":"-",        "id":4939300, "ctx":"monitoring-keys-for-HMAC","msg":"Failed to refresh key cache","attr":{"error":"NotYetInitialized: Cannot use non-local read concern until replica set is finished initializing.","nextWakeupMillis":13600}}
{"t":{"$date":"2021-12-11T05:17:03.080+07:00"},"s":"I",  "c":"-",        "id":4939300, "ctx":"monitoring-keys-for-HMAC","msg":"Failed to refresh key cache","attr":{"error":"NotYetInitialized: Cannot use non-local read concern until replica set is finished initializing.","nextWakeupMillis":13800}}
{"t":{"$date":"2021-12-11T05:17:13.599+07:00"},"s":"I",  "c":"STORAGE",  "id":22430,   "ctx":"Checkpointer","msg":"WiredTiger message","attr":{"message":"[1639174633:599635][4716:140719949635952], WT_SESSION.checkpoint: [WT_VERB_CHECKPOINT_PROGRESS] saving checkpoint snapshot min: 18, snapshot max: 18 snapshot count: 0, oldest timestamp: (0, 0) , meta checkpoint timestamp: (0, 0) base write gen: 200"}}
{"t":{"$date":"2021-12-11T05:17:16.882+07:00"},"s":"I",  "c":"-",        "id":4939300, "ctx":"monitoring-keys-for-HMAC","msg":"Failed to refresh key cache","attr":{"error":"NotYetInitialized: Cannot use non-local read concern until replica set is finished initializing.","nextWakeupMillis":14000}}
{"t":{"$date":"2021-12-11T05:17:30.882+07:00"},"s":"I",  "c":"-",        "id":4939300, "ctx":"monitoring-keys-for-HMAC","msg":"Failed to refresh key cache","attr":{"error":"NotYetInitialized: Cannot use non-local read concern until replica set is finished initializing.","nextWakeupMillis":14200}}
{"t":{"$date":"2021-12-11T05:17:45.083+07:00"},"s":"I",  "c":"-",        "id":4939300, "ctx":"monitoring-keys-for-HMAC","msg":"Failed to refresh key cache","attr":{"error":"NotYetInitialized: Cannot use non-local read concern until replica set is finished initializing.","nextWakeupMillis":14400}}
{"t":{"$date":"2021-12-11T05:17:59.490+07:00"},"s":"I",  "c":"-",        "id":4939300, "ctx":"monitoring-keys-for-HMAC","msg":"Failed to refresh key cache","attr":{"error":"NotYetInitialized: Cannot use non-local read concern until replica set is finished initializing.","nextWakeupMillis":14600}}
{"t":{"$date":"2021-12-11T05:18:13.604+07:00"},"s":"I",  "c":"STORAGE",  "id":22430,   "ctx":"Checkpointer","msg":"WiredTiger message","attr":{"message":"[1639174693:603923][4716:140719949635952], WT_SESSION.checkpoint: [WT_VERB_CHECKPOINT_PROGRESS] saving checkpoint snapshot min: 20, snapshot max: 20 snapshot count: 0, oldest timestamp: (0, 0) , meta checkpoint timestamp: (0, 0) base write gen: 200"}}
{"t":{"$date":"2021-12-11T05:18:14.091+07:00"},"s":"I",  "c":"-",        "id":4939300, "ctx":"monitoring-keys-for-HMAC","msg":"Failed to refresh key cache","attr":{"error":"NotYetInitialized: Cannot use non-local read concern until replica set is finished initializing.","nextWakeupMillis":14800}}
{"t":{"$date":"2021-12-11T05:18:28.891+07:00"},"s":"I",  "c":"-",        "id":4939300, "ctx":"monitoring-keys-for-HMAC","msg":"Failed to refresh key cache","attr":{"error":"NotYetInitialized: Cannot use non-local read concern until replica set is finished initializing.","nextWakeupMillis":15000}}
{"t":{"$date":"2021-12-11T05:18:43.891+07:00"},"s":"I",  "c":"-",        "id":4939300, "ctx":"monitoring-keys-for-HMAC","msg":"Failed to refresh key cache","attr":{"error":"NotYetInitialized: Cannot use non-local read concern until replica set is finished initializing.","nextWakeupMillis":15200}}
{"t":{"$date":"2021-12-11T05:18:59.091+07:00"},"s":"I",  "c":"-",        "id":4939300, "ctx":"monitoring-keys-for-HMAC","msg":"Failed to refresh key cache","attr":{"error":"NotYetInitialized: Cannot use non-local read concern until replica set is finished initializing.","nextWakeupMillis":15400}}
{"t":{"$date":"2021-12-11T05:19:13.607+07:00"},"s":"I",  "c":"STORAGE",  "id":22430,   "ctx":"Checkpointer","msg":"WiredTiger message","attr":{"message":"[1639174753:607566][4716:140719949635952], WT_SESSION.checkpoint: [WT_VERB_CHECKPOINT_PROGRESS] saving checkpoint snapshot min: 22, snapshot max: 22 snapshot count: 0, oldest timestamp: (0, 0) , meta checkpoint timestamp: (0, 0) base write gen: 200"}}
{"t":{"$date":"2021-12-11T05:19:13.827+07:00"},"s":"I",  "c":"CONTROL",  "id":20714,   "ctx":"LogicalSessionCacheRefresh","msg":"Failed to refresh session cache, will try again at the next refresh interval","attr":{"error":"NotYetInitialized: Replication has not yet been configured"}}
{"t":{"$date":"2021-12-11T05:19:13.827+07:00"},"s":"I",  "c":"CONTROL",  "id":20712,   "ctx":"LogicalSessionCacheReap","msg":"Sessions collection is not set up; waiting until next sessions reap interval","attr":{"error":"NamespaceNotFound: config.system.sessions does not exist"}}
{"t":{"$date":"2021-12-11T05:19:14.492+07:00"},"s":"I",  "c":"-",        "id":4939300, "ctx":"monitoring-keys-for-HMAC","msg":"Failed to refresh key cache","attr":{"error":"NotYetInitialized: Cannot use non-local read concern until replica set is finished initializing.","nextWakeupMillis":15600}}
{"t":{"$date":"2021-12-11T05:19:30.093+07:00"},"s":"I",  "c":"-",        "id":4939300, "ctx":"monitoring-keys-for-HMAC","msg":"Failed to refresh key cache","attr":{"error":"NotYetInitialized: Cannot use non-local read concern until replica set is finished initializing.","nextWakeupMillis":15800}}
{"t":{"$date":"2021-12-11T05:19:45.894+07:00"},"s":"I",  "c":"-",        "id":4939300, "ctx":"monitoring-keys-for-HMAC","msg":"Failed to refresh key cache","attr":{"error":"NotYetInitialized: Cannot use non-local read concern until replica set is finished initializing.","nextWakeupMillis":16000}}
{"t":{"$date":"2021-12-11T05:20:01.894+07:00"},"s":"I",  "c":"-",        "id":4939300, "ctx":"monitoring-keys-for-HMAC","msg":"Failed to refresh key cache","attr":{"error":"NotYetInitialized: Cannot use non-local read concern until replica set is finished initializing.","nextWakeupMillis":16200}}
{"t":{"$date":"2021-12-11T05:20:13.610+07:00"},"s":"I",  "c":"STORAGE",  "id":22430,   "ctx":"Checkpointer","msg":"WiredTiger message","attr":{"message":"[1639174813:610824][4716:140719949635952], WT_SESSION.checkpoint: [WT_VERB_CHECKPOINT_PROGRESS] saving checkpoint snapshot min: 24, snapshot max: 24 snapshot count: 0, oldest timestamp: (0, 0) , meta checkpoint timestamp: (0, 0) base write gen: 200"}}
{"t":{"$date":"2021-12-11T05:20:18.094+07:00"},"s":"I",  "c":"-",        "id":4939300, "ctx":"monitoring-keys-for-HMAC","msg":"Failed to refresh key cache","attr":{"error":"NotYetInitialized: Cannot use non-local read concern until replica set is finished initializing.","nextWakeupMillis":16400}}
{"t":{"$date":"2021-12-11T05:20:34.495+07:00"},"s":"I",  "c":"-",        "id":4939300, "ctx":"monitoring-keys-for-HMAC","msg":"Failed to refresh key cache","attr":{"error":"NotYetInitialized: Cannot use non-local read concern until replica set is finished initializing.","nextWakeupMillis":16600}}
{"t":{"$date":"2021-12-11T05:20:51.096+07:00"},"s":"I",  "c":"-",        "id":4939300, "ctx":"monitoring-keys-for-HMAC","msg":"Failed to refresh key cache","attr":{"error":"NotYetInitialized: Cannot use non-local read concern until replica set is finished initializing.","nextWakeupMillis":16800}}
{"t":{"$date":"2021-12-11T05:21:07.897+07:00"},"s":"I",  "c":"-",        "id":4939300, "ctx":"monitoring-keys-for-HMAC","msg":"Failed to refresh key cache","attr":{"error":"NotYetInitialized: Cannot use non-local read concern until replica set is finished initializing.","nextWakeupMillis":17000}}
{"t":{"$date":"2021-12-11T05:21:13.614+07:00"},"s":"I",  "c":"STORAGE",  "id":22430,   "ctx":"Checkpointer","msg":"WiredTiger message","attr":{"message":"[1639174873:614549][4716:140719949635952], WT_SESSION.checkpoint: [WT_VERB_CHECKPOINT_PROGRESS] saving checkpoint snapshot min: 26, snapshot max: 26 snapshot count: 0, oldest timestamp: (0, 0) , meta checkpoint timestamp: (0, 0) base write gen: 200"}}
{"t":{"$date":"2021-12-11T05:21:24.898+07:00"},"s":"I",  "c":"-",        "id":4939300, "ctx":"monitoring-keys-for-HMAC","msg":"Failed to refresh key cache","attr":{"error":"NotYetInitialized: Cannot use non-local read concern until replica set is finished initializing.","nextWakeupMillis":17200}}
{"t":{"$date":"2021-12-11T05:21:42.098+07:00"},"s":"I",  "c":"-",        "id":4939300, "ctx":"monitoring-keys-for-HMAC","msg":"Failed to refresh key cache","attr":{"error":"NotYetInitialized: Cannot use non-local read concern until replica set is finished initializing.","nextWakeupMillis":17400}}
{"t":{"$date":"2021-12-11T05:21:59.499+07:00"},"s":"I",  "c":"-",        "id":4939300, "ctx":"monitoring-keys-for-HMAC","msg":"Failed to refresh key cache","attr":{"error":"NotYetInitialized: Cannot use non-local read concern until replica set is finished initializing.","nextWakeupMillis":17600}}
{"t":{"$date":"2021-12-11T05:22:13.619+07:00"},"s":"I",  "c":"STORAGE",  "id":22430,   "ctx":"Checkpointer","msg":"WiredTiger message","attr":{"message":"[1639174933:619878][4716:140719949635952], WT_SESSION.checkpoint: [WT_VERB_CHECKPOINT_PROGRESS] saving checkpoint snapshot min: 28, snapshot max: 28 snapshot count: 0, oldest timestamp: (0, 0) , meta checkpoint timestamp: (0, 0) base write gen: 200"}}
{"t":{"$date":"2021-12-11T05:22:17.099+07:00"},"s":"I",  "c":"-",        "id":4939300, "ctx":"monitoring-keys-for-HMAC","msg":"Failed to refresh key cache","attr":{"error":"NotYetInitialized: Cannot use non-local read concern until replica set is finished initializing.","nextWakeupMillis":17800}}
{"t":{"$date":"2021-12-11T05:22:34.900+07:00"},"s":"I",  "c":"-",        "id":4939300, "ctx":"monitoring-keys-for-HMAC","msg":"Failed to refresh key cache","attr":{"error":"NotYetInitialized: Cannot use non-local read concern until replica set is finished initializing.","nextWakeupMillis":18000}}
{"t":{"$date":"2021-12-11T05:22:52.901+07:00"},"s":"I",  "c":"-",        "id":4939300, "ctx":"monitoring-keys-for-HMAC","msg":"Failed to refresh key cache","attr":{"error":"NotYetInitialized: Cannot use non-local read concern until replica set is finished initializing.","nextWakeupMillis":18200}}
{"t":{"$date":"2021-12-11T05:23:11.101+07:00"},"s":"I",  "c":"-",        "id":4939300, "ctx":"monitoring-keys-for-HMAC","msg":"Failed to refresh key cache","attr":{"error":"NotYetInitialized: Cannot use non-local read concern until replica set is finished initializing.","nextWakeupMillis":18400}}
{"t":{"$date":"2021-12-11T05:23:13.624+07:00"},"s":"I",  "c":"STORAGE",  "id":22430,   "ctx":"Checkpointer","msg":"WiredTiger message","attr":{"message":"[1639174993:624505][4716:140719949635952], WT_SESSION.checkpoint: [WT_VERB_CHECKPOINT_PROGRESS] saving checkpoint snapshot min: 30, snapshot max: 30 snapshot count: 0, oldest timestamp: (0, 0) , meta checkpoint timestamp: (0, 0) base write gen: 200"}}
{"t":{"$date":"2021-12-11T05:23:29.502+07:00"},"s":"I",  "c":"-",        "id":4939300, "ctx":"monitoring-keys-for-HMAC","msg":"Failed to refresh key cache","attr":{"error":"NotYetInitialized: Cannot use non-local read concern until replica set is finished initializing.","nextWakeupMillis":18600}}
{"t":{"$date":"2021-12-11T05:23:48.104+07:00"},"s":"I",  "c":"-",        "id":4939300, "ctx":"monitoring-keys-for-HMAC","msg":"Failed to refresh key cache","attr":{"error":"NotYetInitialized: Cannot use non-local read concern until replica set is finished initializing.","nextWakeupMillis":18800}}
{"t":{"$date":"2021-12-11T05:24:06.904+07:00"},"s":"I",  "c":"-",        "id":4939300, "ctx":"monitoring-keys-for-HMAC","msg":"Failed to refresh key cache","attr":{"error":"NotYetInitialized: Cannot use non-local read concern until replica set is finished initializing.","nextWakeupMillis":19000}}
{"t":{"$date":"2021-12-11T05:24:13.629+07:00"},"s":"I",  "c":"STORAGE",  "id":22430,   "ctx":"Checkpointer","msg":"WiredTiger message","attr":{"message":"[1639175053:629783][4716:140719949635952], WT_SESSION.checkpoint: [WT_VERB_CHECKPOINT_PROGRESS] saving checkpoint snapshot min: 32, snapshot max: 32 snapshot count: 0, oldest timestamp: (0, 0) , meta checkpoint timestamp: (0, 0) base write gen: 200"}}
{"t":{"$date":"2021-12-11T05:24:13.828+07:00"},"s":"I",  "c":"CONTROL",  "id":20714,   "ctx":"LogicalSessionCacheRefresh","msg":"Failed to refresh session cache, will try again at the next refresh interval","attr":{"error":"NotYetInitialized: Replication has not yet been configured"}}
{"t":{"$date":"2021-12-11T05:24:13.828+07:00"},"s":"I",  "c":"CONTROL",  "id":20712,   "ctx":"LogicalSessionCacheReap","msg":"Sessions collection is not set up; waiting until next sessions reap interval","attr":{"error":"NamespaceNotFound: config.system.sessions does not exist"}}
{"t":{"$date":"2021-12-11T05:24:25.906+07:00"},"s":"I",  "c":"-",        "id":4939300, "ctx":"monitoring-keys-for-HMAC","msg":"Failed to refresh key cache","attr":{"error":"NotYetInitialized: Cannot use non-local read concern until replica set is finished initializing.","nextWakeupMillis":19200}}
{"t":{"$date":"2021-12-11T05:24:45.107+07:00"},"s":"I",  "c":"-",        "id":4939300, "ctx":"monitoring-keys-for-HMAC","msg":"Failed to refresh key cache","attr":{"error":"NotYetInitialized: Cannot use non-local read concern until replica set is finished initializing.","nextWakeupMillis":19400}}
{"t":{"$date":"2021-12-11T05:25:04.507+07:00"},"s":"I",  "c":"-",        "id":4939300, "ctx":"monitoring-keys-for-HMAC","msg":"Failed to refresh key cache","attr":{"error":"NotYetInitialized: Cannot use non-local read concern until replica set is finished initializing.","nextWakeupMillis":19600}}
{"t":{"$date":"2021-12-11T05:25:13.632+07:00"},"s":"I",  "c":"STORAGE",  "id":22430,   "ctx":"Checkpointer","msg":"WiredTiger message","attr":{"message":"[1639175113:632743][4716:140719949635952], WT_SESSION.checkpoint: [WT_VERB_CHECKPOINT_PROGRESS] saving checkpoint snapshot min: 34, snapshot max: 34 snapshot count: 0, oldest timestamp: (0, 0) , meta checkpoint timestamp: (0, 0) base write gen: 200"}}
{"t":{"$date":"2021-12-11T05:25:24.108+07:00"},"s":"I",  "c":"-",        "id":4939300, "ctx":"monitoring-keys-for-HMAC","msg":"Failed to refresh key cache","attr":{"error":"NotYetInitialized: Cannot use non-local read concern until replica set is finished initializing.","nextWakeupMillis":19800}}
{"t":{"$date":"2021-12-11T05:25:43.909+07:00"},"s":"I",  "c":"-",        "id":4939300, "ctx":"monitoring-keys-for-HMAC","msg":"Failed to refresh key cache","attr":{"error":"NotYetInitialized: Cannot use non-local read concern until replica set is finished initializing.","nextWakeupMillis":20000}}
{"t":{"$date":"2021-12-11T05:26:03.910+07:00"},"s":"I",  "c":"-",        "id":4939300, "ctx":"monitoring-keys-for-HMAC","msg":"Failed to refresh key cache","attr":{"error":"NotYetInitialized: Cannot use non-local read concern until replica set is finished initializing.","nextWakeupMillis":20200}}
{"t":{"$date":"2021-12-11T05:26:13.636+07:00"},"s":"I",  "c":"STORAGE",  "id":22430,   "ctx":"Checkpointer","msg":"WiredTiger message","attr":{"message":"[1639175173:636273][4716:140719949635952], WT_SESSION.checkpoint: [WT_VERB_CHECKPOINT_PROGRESS] saving checkpoint snapshot min: 36, snapshot max: 36 snapshot count: 0, oldest timestamp: (0, 0) , meta checkpoint timestamp: (0, 0) base write gen: 200"}}
{"t":{"$date":"2021-12-11T05:26:24.111+07:00"},"s":"I",  "c":"-",        "id":4939300, "ctx":"monitoring-keys-for-HMAC","msg":"Failed to refresh key cache","attr":{"error":"NotYetInitialized: Cannot use non-local read concern until replica set is finished initializing.","nextWakeupMillis":20400}}
{"t":{"$date":"2021-12-11T05:26:44.512+07:00"},"s":"I",  "c":"-",        "id":4939300, "ctx":"monitoring-keys-for-HMAC","msg":"Failed to refresh key cache","attr":{"error":"NotYetInitialized: Cannot use non-local read concern until replica set is finished initializing.","nextWakeupMillis":20600}}
{"t":{"$date":"2021-12-11T05:27:05.113+07:00"},"s":"I",  "c":"-",        "id":4939300, "ctx":"monitoring-keys-for-HMAC","msg":"Failed to refresh key cache","attr":{"error":"NotYetInitialized: Cannot use non-local read concern until replica set is finished initializing.","nextWakeupMillis":20800}}
{"t":{"$date":"2021-12-11T05:27:13.640+07:00"},"s":"I",  "c":"STORAGE",  "id":22430,   "ctx":"Checkpointer","msg":"WiredTiger message","attr":{"message":"[1639175233:640029][4716:140719949635952], WT_SESSION.checkpoint: [WT_VERB_CHECKPOINT_PROGRESS] saving checkpoint snapshot min: 38, snapshot max: 38 snapshot count: 0, oldest timestamp: (0, 0) , meta checkpoint timestamp: (0, 0) base write gen: 200"}}
{"t":{"$date":"2021-12-11T05:27:25.914+07:00"},"s":"I",  "c":"-",        "id":4939300, "ctx":"monitoring-keys-for-HMAC","msg":"Failed to refresh key cache","attr":{"error":"NotYetInitialized: Cannot use non-local read concern until replica set is finished initializing.","nextWakeupMillis":21000}}
{"t":{"$date":"2021-12-11T05:27:46.916+07:00"},"s":"I",  "c":"-",        "id":4939300, "ctx":"monitoring-keys-for-HMAC","msg":"Failed to refresh key cache","attr":{"error":"NotYetInitialized: Cannot use non-local read concern until replica set is finished initializing.","nextWakeupMillis":21200}}
{"t":{"$date":"2021-12-11T05:28:08.116+07:00"},"s":"I",  "c":"-",        "id":4939300, "ctx":"monitoring-keys-for-HMAC","msg":"Failed to refresh key cache","attr":{"error":"NotYetInitialized: Cannot use non-local read concern until replica set is finished initializing.","nextWakeupMillis":21400}}
{"t":{"$date":"2021-12-11T05:28:13.645+07:00"},"s":"I",  "c":"STORAGE",  "id":22430,   "ctx":"Checkpointer","msg":"WiredTiger message","attr":{"message":"[1639175293:644875][4716:140719949635952], WT_SESSION.checkpoint: [WT_VERB_CHECKPOINT_PROGRESS] saving checkpoint snapshot min: 40, snapshot max: 40 snapshot count: 0, oldest timestamp: (0, 0) , meta checkpoint timestamp: (0, 0) base write gen: 200"}}
{"t":{"$date":"2021-12-11T05:28:29.517+07:00"},"s":"I",  "c":"-",        "id":4939300, "ctx":"monitoring-keys-for-HMAC","msg":"Failed to refresh key cache","attr":{"error":"NotYetInitialized: Cannot use non-local read concern until replica set is finished initializing.","nextWakeupMillis":21600}}
{"t":{"$date":"2021-12-11T05:28:51.118+07:00"},"s":"I",  "c":"-",        "id":4939300, "ctx":"monitoring-keys-for-HMAC","msg":"Failed to refresh key cache","attr":{"error":"NotYetInitialized: Cannot use non-local read concern until replica set is finished initializing.","nextWakeupMillis":21800}}
{"t":{"$date":"2021-12-11T05:29:12.919+07:00"},"s":"I",  "c":"-",        "id":4939300, "ctx":"monitoring-keys-for-HMAC","msg":"Failed to refresh key cache","attr":{"error":"NotYetInitialized: Cannot use non-local read concern until replica set is finished initializing.","nextWakeupMillis":22000}}
{"t":{"$date":"2021-12-11T05:29:13.651+07:00"},"s":"I",  "c":"STORAGE",  "id":22430,   "ctx":"Checkpointer","msg":"WiredTiger message","attr":{"message":"[1639175353:650999][4716:140719949635952], WT_SESSION.checkpoint: [WT_VERB_CHECKPOINT_PROGRESS] saving checkpoint snapshot min: 42, snapshot max: 42 snapshot count: 0, oldest timestamp: (0, 0) , meta checkpoint timestamp: (0, 0) base write gen: 200"}}
{"t":{"$date":"2021-12-11T05:29:13.829+07:00"},"s":"I",  "c":"CONTROL",  "id":20714,   "ctx":"LogicalSessionCacheRefresh","msg":"Failed to refresh session cache, will try again at the next refresh interval","attr":{"error":"NotYetInitialized: Replication has not yet been configured"}}
{"t":{"$date":"2021-12-11T05:29:13.829+07:00"},"s":"I",  "c":"CONTROL",  "id":20712,   "ctx":"LogicalSessionCacheReap","msg":"Sessions collection is not set up; waiting until next sessions reap interval","attr":{"error":"NamespaceNotFound: config.system.sessions does not exist"}}
{"t":{"$date":"2021-12-11T05:29:34.920+07:00"},"s":"I",  "c":"-",        "id":4939300, "ctx":"monitoring-keys-for-HMAC","msg":"Failed to refresh key cache","attr":{"error":"NotYetInitialized: Cannot use non-local read concern until replica set is finished initializing.","nextWakeupMillis":22200}}
{"t":{"$date":"2021-12-11T05:29:57.120+07:00"},"s":"I",  "c":"-",        "id":4939300, "ctx":"monitoring-keys-for-HMAC","msg":"Failed to refresh key cache","attr":{"error":"NotYetInitialized: Cannot use non-local read concern until replica set is finished initializing.","nextWakeupMillis":22400}}
{"t":{"$date":"2021-12-11T05:30:13.656+07:00"},"s":"I",  "c":"STORAGE",  "id":22430,   "ctx":"Checkpointer","msg":"WiredTiger message","attr":{"message":"[1639175413:656062][4716:140719949635952], WT_SESSION.checkpoint: [WT_VERB_CHECKPOINT_PROGRESS] saving checkpoint snapshot min: 44, snapshot max: 44 snapshot count: 0, oldest timestamp: (0, 0) , meta checkpoint timestamp: (0, 0) base write gen: 200"}}
{"t":{"$date":"2021-12-11T05:30:19.521+07:00"},"s":"I",  "c":"-",        "id":4939300, "ctx":"monitoring-keys-for-HMAC","msg":"Failed to refresh key cache","attr":{"error":"NotYetInitialized: Cannot use non-local read concern until replica set is finished initializing.","nextWakeupMillis":22600}}
{"t":{"$date":"2021-12-11T05:30:42.121+07:00"},"s":"I",  "c":"-",        "id":4939300, "ctx":"monitoring-keys-for-HMAC","msg":"Failed to refresh key cache","attr":{"error":"NotYetInitialized: Cannot use non-local read concern until replica set is finished initializing.","nextWakeupMillis":22800}}
{"t":{"$date":"2021-12-11T05:31:04.921+07:00"},"s":"I",  "c":"-",        "id":4939300, "ctx":"monitoring-keys-for-HMAC","msg":"Failed to refresh key cache","attr":{"error":"NotYetInitialized: Cannot use non-local read concern until replica set is finished initializing.","nextWakeupMillis":23000}}
{"t":{"$date":"2021-12-11T05:31:13.662+07:00"},"s":"I",  "c":"STORAGE",  "id":22430,   "ctx":"Checkpointer","msg":"WiredTiger message","attr":{"message":"[1639175473:662513][4716:140719949635952], WT_SESSION.checkpoint: [WT_VERB_CHECKPOINT_PROGRESS] saving checkpoint snapshot min: 46, snapshot max: 46 snapshot count: 0, oldest timestamp: (0, 0) , meta checkpoint timestamp: (0, 0) base write gen: 200"}}
{"t":{"$date":"2021-12-11T05:31:27.922+07:00"},"s":"I",  "c":"-",        "id":4939300, "ctx":"monitoring-keys-for-HMAC","msg":"Failed to refresh key cache","attr":{"error":"NotYetInitialized: Cannot use non-local read concern until replica set is finished initializing.","nextWakeupMillis":23200}}
{"t":{"$date":"2021-12-11T05:31:51.122+07:00"},"s":"I",  "c":"-",        "id":4939300, "ctx":"monitoring-keys-for-HMAC","msg":"Failed to refresh key cache","attr":{"error":"NotYetInitialized: Cannot use non-local read concern until replica set is finished initializing.","nextWakeupMillis":23400}}
{"t":{"$date":"2021-12-11T05:32:13.667+07:00"},"s":"I",  "c":"STORAGE",  "id":22430,   "ctx":"Checkpointer","msg":"WiredTiger message","attr":{"message":"[1639175533:667636][4716:140719949635952], WT_SESSION.checkpoint: [WT_VERB_CHECKPOINT_PROGRESS] saving checkpoint snapshot min: 48, snapshot max: 48 snapshot count: 0, oldest timestamp: (0, 0) , meta checkpoint timestamp: (0, 0) base write gen: 200"}}
{"t":{"$date":"2021-12-11T05:32:14.524+07:00"},"s":"I",  "c":"-",        "id":4939300, "ctx":"monitoring-keys-for-HMAC","msg":"Failed to refresh key cache","attr":{"error":"NotYetInitialized: Cannot use non-local read concern until replica set is finished initializing.","nextWakeupMillis":23600}}
{"t":{"$date":"2021-12-11T05:32:38.125+07:00"},"s":"I",  "c":"-",        "id":4939300, "ctx":"monitoring-keys-for-HMAC","msg":"Failed to refresh key cache","attr":{"error":"NotYetInitialized: Cannot use non-local read concern until replica set is finished initializing.","nextWakeupMillis":23800}}
{"t":{"$date":"2021-12-11T05:33:01.925+07:00"},"s":"I",  "c":"-",        "id":4939300, "ctx":"monitoring-keys-for-HMAC","msg":"Failed to refresh key cache","attr":{"error":"NotYetInitialized: Cannot use non-local read concern until replica set is finished initializing.","nextWakeupMillis":24000}}
{"t":{"$date":"2021-12-11T05:33:13.674+07:00"},"s":"I",  "c":"STORAGE",  "id":22430,   "ctx":"Checkpointer","msg":"WiredTiger message","attr":{"message":"[1639175593:673912][4716:140719949635952], WT_SESSION.checkpoint: [WT_VERB_CHECKPOINT_PROGRESS] saving checkpoint snapshot min: 50, snapshot max: 50 snapshot count: 0, oldest timestamp: (0, 0) , meta checkpoint timestamp: (0, 0) base write gen: 200"}}
{"t":{"$date":"2021-12-11T05:33:25.925+07:00"},"s":"I",  "c":"-",        "id":4939300, "ctx":"monitoring-keys-for-HMAC","msg":"Failed to refresh key cache","attr":{"error":"NotYetInitialized: Cannot use non-local read concern until replica set is finished initializing.","nextWakeupMillis":24200}}
{"t":{"$date":"2021-12-11T05:33:50.126+07:00"},"s":"I",  "c":"-",        "id":4939300, "ctx":"monitoring-keys-for-HMAC","msg":"Failed to refresh key cache","attr":{"error":"NotYetInitialized: Cannot use non-local read concern until replica set is finished initializing.","nextWakeupMillis":24400}}
{"t":{"$date":"2021-12-11T05:34:13.680+07:00"},"s":"I",  "c":"STORAGE",  "id":22430,   "ctx":"Checkpointer","msg":"WiredTiger message","attr":{"message":"[1639175653:680627][4716:140719949635952], WT_SESSION.checkpoint: [WT_VERB_CHECKPOINT_PROGRESS] saving checkpoint snapshot min: 52, snapshot max: 52 snapshot count: 0, oldest timestamp: (0, 0) , meta checkpoint timestamp: (0, 0) base write gen: 200"}}
{"t":{"$date":"2021-12-11T05:34:13.828+07:00"},"s":"I",  "c":"CONTROL",  "id":20714,   "ctx":"LogicalSessionCacheRefresh","msg":"Failed to refresh session cache, will try again at the next refresh interval","attr":{"error":"NotYetInitialized: Replication has not yet been configured"}}
{"t":{"$date":"2021-12-11T05:34:13.829+07:00"},"s":"I",  "c":"CONTROL",  "id":20712,   "ctx":"LogicalSessionCacheReap","msg":"Sessions collection is not set up; waiting until next sessions reap interval","attr":{"error":"NamespaceNotFound: config.system.sessions does not exist"}}
{"t":{"$date":"2021-12-11T05:34:14.527+07:00"},"s":"I",  "c":"-",        "id":4939300, "ctx":"monitoring-keys-for-HMAC","msg":"Failed to refresh key cache","attr":{"error":"NotYetInitialized: Cannot use non-local read concern until replica set is finished initializing.","nextWakeupMillis":24600}}
{"t":{"$date":"2021-12-11T05:34:39.129+07:00"},"s":"I",  "c":"-",        "id":4939300, "ctx":"monitoring-keys-for-HMAC","msg":"Failed to refresh key cache","attr":{"error":"NotYetInitialized: Cannot use non-local read concern until replica set is finished initializing.","nextWakeupMillis":24800}}
{"t":{"$date":"2021-12-11T05:35:03.929+07:00"},"s":"I",  "c":"-",        "id":4939300, "ctx":"monitoring-keys-for-HMAC","msg":"Failed to refresh key cache","attr":{"error":"NotYetInitialized: Cannot use non-local read concern until replica set is finished initializing.","nextWakeupMillis":25000}}
{"t":{"$date":"2021-12-11T05:35:13.686+07:00"},"s":"I",  "c":"STORAGE",  "id":22430,   "ctx":"Checkpointer","msg":"WiredTiger message","attr":{"message":"[1639175713:686517][4716:140719949635952], WT_SESSION.checkpoint: [WT_VERB_CHECKPOINT_PROGRESS] saving checkpoint snapshot min: 54, snapshot max: 54 snapshot count: 0, oldest timestamp: (0, 0) , meta checkpoint timestamp: (0, 0) base write gen: 200"}}
{"t":{"$date":"2021-12-11T05:35:28.931+07:00"},"s":"I",  "c":"-",        "id":4939300, "ctx":"monitoring-keys-for-HMAC","msg":"Failed to refresh key cache","attr":{"error":"NotYetInitialized: Cannot use non-local read concern until replica set is finished initializing.","nextWakeupMillis":25200}}
{"t":{"$date":"2021-12-11T05:35:54.131+07:00"},"s":"I",  "c":"-",        "id":4939300, "ctx":"monitoring-keys-for-HMAC","msg":"Failed to refresh key cache","attr":{"error":"NotYetInitialized: Cannot use non-local read concern until replica set is finished initializing.","nextWakeupMillis":25400}}
{"t":{"$date":"2021-12-11T05:36:13.693+07:00"},"s":"I",  "c":"STORAGE",  "id":22430,   "ctx":"Checkpointer","msg":"WiredTiger message","attr":{"message":"[1639175773:693109][4716:140719949635952], WT_SESSION.checkpoint: [WT_VERB_CHECKPOINT_PROGRESS] saving checkpoint snapshot min: 56, snapshot max: 56 snapshot count: 0, oldest timestamp: (0, 0) , meta checkpoint timestamp: (0, 0) base write gen: 200"}}
{"t":{"$date":"2021-12-11T05:36:19.533+07:00"},"s":"I",  "c":"-",        "id":4939300, "ctx":"monitoring-keys-for-HMAC","msg":"Failed to refresh key cache","attr":{"error":"NotYetInitialized: Cannot use non-local read concern until replica set is finished initializing.","nextWakeupMillis":25600}}
{"t":{"$date":"2021-12-11T05:36:45.135+07:00"},"s":"I",  "c":"-",        "id":4939300, "ctx":"monitoring-keys-for-HMAC","msg":"Failed to refresh key cache","attr":{"error":"NotYetInitialized: Cannot use non-local read concern until replica set is finished initializing.","nextWakeupMillis":25800}}
{"t":{"$date":"2021-12-11T05:37:10.936+07:00"},"s":"I",  "c":"-",        "id":4939300, "ctx":"monitoring-keys-for-HMAC","msg":"Failed to refresh key cache","attr":{"error":"NotYetInitialized: Cannot use non-local read concern until replica set is finished initializing.","nextWakeupMillis":26000}}
{"t":{"$date":"2021-12-11T05:37:13.698+07:00"},"s":"I",  "c":"STORAGE",  "id":22430,   "ctx":"Checkpointer","msg":"WiredTiger message","attr":{"message":"[1639175833:698449][4716:140719949635952], WT_SESSION.checkpoint: [WT_VERB_CHECKPOINT_PROGRESS] saving checkpoint snapshot min: 58, snapshot max: 58 snapshot count: 0, oldest timestamp: (0, 0) , meta checkpoint timestamp: (0, 0) base write gen: 200"}}
{"t":{"$date":"2021-12-11T05:37:36.937+07:00"},"s":"I",  "c":"-",        "id":4939300, "ctx":"monitoring-keys-for-HMAC","msg":"Failed to refresh key cache","attr":{"error":"NotYetInitialized: Cannot use non-local read concern until replica set is finished initializing.","nextWakeupMillis":26200}}
{"t":{"$date":"2021-12-11T05:38:03.137+07:00"},"s":"I",  "c":"-",        "id":4939300, "ctx":"monitoring-keys-for-HMAC","msg":"Failed to refresh key cache","attr":{"error":"NotYetInitialized: Cannot use non-local read concern until replica set is finished initializing.","nextWakeupMillis":26400}}
{"t":{"$date":"2021-12-11T05:38:13.703+07:00"},"s":"I",  "c":"STORAGE",  "id":22430,   "ctx":"Checkpointer","msg":"WiredTiger message","attr":{"message":"[1639175893:703340][4716:140719949635952], WT_SESSION.checkpoint: [WT_VERB_CHECKPOINT_PROGRESS] saving checkpoint snapshot min: 60, snapshot max: 60 snapshot count: 0, oldest timestamp: (0, 0) , meta checkpoint timestamp: (0, 0) base write gen: 200"}}
{"t":{"$date":"2021-12-11T05:38:29.539+07:00"},"s":"I",  "c":"-",        "id":4939300, "ctx":"monitoring-keys-for-HMAC","msg":"Failed to refresh key cache","attr":{"error":"NotYetInitialized: Cannot use non-local read concern until replica set is finished initializing.","nextWakeupMillis":26600}}
{"t":{"$date":"2021-12-11T05:38:56.141+07:00"},"s":"I",  "c":"-",        "id":4939300, "ctx":"monitoring-keys-for-HMAC","msg":"Failed to refresh key cache","attr":{"error":"NotYetInitialized: Cannot use non-local read concern until replica set is finished initializing.","nextWakeupMillis":26800}}
{"t":{"$date":"2021-12-11T05:39:13.708+07:00"},"s":"I",  "c":"STORAGE",  "id":22430,   "ctx":"Checkpointer","msg":"WiredTiger message","attr":{"message":"[1639175953:708387][4716:140719949635952], WT_SESSION.checkpoint: [WT_VERB_CHECKPOINT_PROGRESS] saving checkpoint snapshot min: 62, snapshot max: 62 snapshot count: 0, oldest timestamp: (0, 0) , meta checkpoint timestamp: (0, 0) base write gen: 200"}}
{"t":{"$date":"2021-12-11T05:39:13.828+07:00"},"s":"I",  "c":"CONTROL",  "id":20712,   "ctx":"LogicalSessionCacheReap","msg":"Sessions collection is not set up; waiting until next sessions reap interval","attr":{"error":"NamespaceNotFound: config.system.sessions does not exist"}}
{"t":{"$date":"2021-12-11T05:39:13.829+07:00"},"s":"I",  "c":"CONTROL",  "id":20714,   "ctx":"LogicalSessionCacheRefresh","msg":"Failed to refresh session cache, will try again at the next refresh interval","attr":{"error":"NotYetInitialized: Replication has not yet been configured"}}
{"t":{"$date":"2021-12-11T05:39:22.942+07:00"},"s":"I",  "c":"-",        "id":4939300, "ctx":"monitoring-keys-for-HMAC","msg":"Failed to refresh key cache","attr":{"error":"NotYetInitialized: Cannot use non-local read concern until replica set is finished initializing.","nextWakeupMillis":27000}}
{"t":{"$date":"2021-12-11T05:39:49.942+07:00"},"s":"I",  "c":"-",        "id":4939300, "ctx":"monitoring-keys-for-HMAC","msg":"Failed to refresh key cache","attr":{"error":"NotYetInitialized: Cannot use non-local read concern until replica set is finished initializing.","nextWakeupMillis":27200}}
{"t":{"$date":"2021-12-11T05:40:13.714+07:00"},"s":"I",  "c":"STORAGE",  "id":22430,   "ctx":"Checkpointer","msg":"WiredTiger message","attr":{"message":"[1639176013:714739][4716:140719949635952], WT_SESSION.checkpoint: [WT_VERB_CHECKPOINT_PROGRESS] saving checkpoint snapshot min: 64, snapshot max: 64 snapshot count: 0, oldest timestamp: (0, 0) , meta checkpoint timestamp: (0, 0) base write gen: 200"}}
{"t":{"$date":"2021-12-11T05:40:17.143+07:00"},"s":"I",  "c":"-",        "id":4939300, "ctx":"monitoring-keys-for-HMAC","msg":"Failed to refresh key cache","attr":{"error":"NotYetInitialized: Cannot use non-local read concern until replica set is finished initializing.","nextWakeupMillis":27400}}
{"t":{"$date":"2021-12-11T05:40:44.544+07:00"},"s":"I",  "c":"-",        "id":4939300, "ctx":"monitoring-keys-for-HMAC","msg":"Failed to refresh key cache","attr":{"error":"NotYetInitialized: Cannot use non-local read concern until replica set is finished initializing.","nextWakeupMillis":27600}}
{"t":{"$date":"2021-12-11T05:41:12.145+07:00"},"s":"I",  "c":"-",        "id":4939300, "ctx":"monitoring-keys-for-HMAC","msg":"Failed to refresh key cache","attr":{"error":"NotYetInitialized: Cannot use non-local read concern until replica set is finished initializing.","nextWakeupMillis":27800}}
{"t":{"$date":"2021-12-11T05:41:13.718+07:00"},"s":"I",  "c":"STORAGE",  "id":22430,   "ctx":"Checkpointer","msg":"WiredTiger message","attr":{"message":"[1639176073:718376][4716:140719949635952], WT_SESSION.checkpoint: [WT_VERB_CHECKPOINT_PROGRESS] saving checkpoint snapshot min: 66, snapshot max: 66 snapshot count: 0, oldest timestamp: (0, 0) , meta checkpoint timestamp: (0, 0) base write gen: 200"}}
{"t":{"$date":"2021-12-11T05:41:39.945+07:00"},"s":"I",  "c":"-",        "id":4939300, "ctx":"monitoring-keys-for-HMAC","msg":"Failed to refresh key cache","attr":{"error":"NotYetInitialized: Cannot use non-local read concern until replica set is finished initializing.","nextWakeupMillis":28000}}
{"t":{"$date":"2021-12-11T05:42:07.946+07:00"},"s":"I",  "c":"-",        "id":4939300, "ctx":"monitoring-keys-for-HMAC","msg":"Failed to refresh key cache","attr":{"error":"NotYetInitialized: Cannot use non-local read concern until replica set is finished initializing.","nextWakeupMillis":28200}}
{"t":{"$date":"2021-12-11T05:42:13.723+07:00"},"s":"I",  "c":"STORAGE",  "id":22430,   "ctx":"Checkpointer","msg":"WiredTiger message","attr":{"message":"[1639176133:723644][4716:140719949635952], WT_SESSION.checkpoint: [WT_VERB_CHECKPOINT_PROGRESS] saving checkpoint snapshot min: 68, snapshot max: 68 snapshot count: 0, oldest timestamp: (0, 0) , meta checkpoint timestamp: (0, 0) base write gen: 200"}}
{"t":{"$date":"2021-12-11T05:42:36.147+07:00"},"s":"I",  "c":"-",        "id":4939300, "ctx":"monitoring-keys-for-HMAC","msg":"Failed to refresh key cache","attr":{"error":"NotYetInitialized: Cannot use non-local read concern until replica set is finished initializing.","nextWakeupMillis":28400}}
{"t":{"$date":"2021-12-11T05:43:04.548+07:00"},"s":"I",  "c":"-",        "id":4939300, "ctx":"monitoring-keys-for-HMAC","msg":"Failed to refresh key cache","attr":{"error":"NotYetInitialized: Cannot use non-local read concern until replica set is finished initializing.","nextWakeupMillis":28600}}
{"t":{"$date":"2021-12-11T05:43:13.728+07:00"},"s":"I",  "c":"STORAGE",  "id":22430,   "ctx":"Checkpointer","msg":"WiredTiger message","attr":{"message":"[1639176193:728819][4716:140719949635952], WT_SESSION.checkpoint: [WT_VERB_CHECKPOINT_PROGRESS] saving checkpoint snapshot min: 70, snapshot max: 70 snapshot count: 0, oldest timestamp: (0, 0) , meta checkpoint timestamp: (0, 0) base write gen: 200"}}
{"t":{"$date":"2021-12-11T05:43:33.149+07:00"},"s":"I",  "c":"-",        "id":4939300, "ctx":"monitoring-keys-for-HMAC","msg":"Failed to refresh key cache","attr":{"error":"NotYetInitialized: Cannot use non-local read concern until replica set is finished initializing.","nextWakeupMillis":28800}}
{"t":{"$date":"2021-12-11T05:44:01.949+07:00"},"s":"I",  "c":"-",        "id":4939300, "ctx":"monitoring-keys-for-HMAC","msg":"Failed to refresh key cache","attr":{"error":"NotYetInitialized: Cannot use non-local read concern until replica set is finished initializing.","nextWakeupMillis":29000}}
{"t":{"$date":"2021-12-11T05:44:13.735+07:00"},"s":"I",  "c":"STORAGE",  "id":22430,   "ctx":"Checkpointer","msg":"WiredTiger message","attr":{"message":"[1639176253:734572][4716:140719949635952], WT_SESSION.checkpoint: [WT_VERB_CHECKPOINT_PROGRESS] saving checkpoint snapshot min: 72, snapshot max: 72 snapshot count: 0, oldest timestamp: (0, 0) , meta checkpoint timestamp: (0, 0) base write gen: 200"}}
{"t":{"$date":"2021-12-11T05:44:13.828+07:00"},"s":"I",  "c":"CONTROL",  "id":20712,   "ctx":"LogicalSessionCacheReap","msg":"Sessions collection is not set up; waiting until next sessions reap interval","attr":{"error":"NamespaceNotFound: config.system.sessions does not exist"}}
{"t":{"$date":"2021-12-11T05:44:13.829+07:00"},"s":"I",  "c":"CONTROL",  "id":20714,   "ctx":"LogicalSessionCacheRefresh","msg":"Failed to refresh session cache, will try again at the next refresh interval","attr":{"error":"NotYetInitialized: Replication has not yet been configured"}}
{"t":{"$date":"2021-12-11T05:44:30.950+07:00"},"s":"I",  "c":"-",        "id":4939300, "ctx":"monitoring-keys-for-HMAC","msg":"Failed to refresh key cache","attr":{"error":"NotYetInitialized: Cannot use non-local read concern until replica set is finished initializing.","nextWakeupMillis":29200}}
